# JRE version: OpenJDK Runtime Environment Temurin-21.0.7+6 (21.0.7+6) (build 21.0.7+6-LTS)
# Java VM: OpenJDK 64-Bit Server VM Temurin-21.0.7+6 (21.0.7+6-LTS, mixed mode, sharing, tiered, compressed oops, compressed class ptrs, g1 gc, windows-amd64)
GC Precious Log:
 CardTable entry size: 512
 Card Set container configuration: InlinePtr #cards 5 size 8 Array Of Cards #cards 12 size 40 Howl #buckets 4 coarsen threshold 1843 Howl Bitmap #cards 512 size 80 coarsen threshold 460 Card regions per heap region 1 cards per card region 2048
 CPUs: 8 total, 8 available
 Memory: 7932M
 Large Page Support: Disabled
 NUMA Support: Disabled
 Compressed Oops: Enabled (32-bit)
 Heap Region Size: 1M
 Heap Min Capacity: 8M
 Heap Initial Capacity: 124M
 Heap Max Capacity: 1984M
 Pre-touch: Disabled
 Parallel Workers: 8
 Concurrent Workers: 2
 Concurrent Refinement Workers: 8
 Periodic GC: Disabled
Heap:
 garbage-first heap   total 62464K, used 45514K [0x0000000084000000, 0x0000000100000000)
  region size 1024K, 17 young (17408K), 3 survivors (3072K)
 Metaspace       used 69813K, committed 70592K, reserved 1114112K
  class space    used 9507K, committed 9856K, reserved 1048576K
GC Heap History (20 events):
Event: 4.373 GC heap before
{Heap before GC invocations=2 (full 0):
 garbage-first heap   total 126976K, used 60243K [0x0000000084000000, 0x0000000100000000)
  region size 1024K, 53 young (54272K), 3 survivors (3072K)
 Metaspace       used 21153K, committed 21504K, reserved 1114112K
  class space    used 2596K, committed 2752K, reserved 1048576K
}
Event: 4.381 GC heap after
{Heap after GC invocations=3 (full 0):
 garbage-first heap   total 126976K, used 15304K [0x0000000084000000, 0x0000000100000000)
  region size 1024K, 7 young (7168K), 7 survivors (7168K)
 Metaspace       used 21153K, committed 21504K, reserved 1114112K
  class space    used 2596K, committed 2752K, reserved 1048576K
}
Event: 6.416 GC heap before
{Heap before GC invocations=4 (full 0):
 garbage-first heap   total 51200K, used 51144K [0x0000000084000000, 0x0000000100000000)
  region size 1024K, 42 young (43008K), 7 survivors (7168K)
 Metaspace       used 26519K, committed 26944K, reserved 1114112K
  class space    used 3412K, committed 3584K, reserved 1048576K
}
Event: 6.433 GC heap after
{Heap after GC invocations=5 (full 0):
 garbage-first heap   total 62464K, used 18992K [0x0000000084000000, 0x0000000100000000)
  region size 1024K, 8 young (8192K), 8 survivors (8192K)
 Metaspace       used 26519K, committed 26944K, reserved 1114112K
  class space    used 3412K, committed 3584K, reserved 1048576K
}
Event: 8.305 GC heap before
{Heap before GC invocations=5 (full 0):
 garbage-first heap   total 62464K, used 47664K [0x0000000084000000, 0x0000000100000000)
  region size 1024K, 36 young (36864K), 8 survivors (8192K)
 Metaspace       used 32026K, committed 32640K, reserved 1114112K
  class space    used 4089K, committed 4352K, reserved 1048576K
}
Event: 8.314 GC heap after
{Heap after GC invocations=6 (full 0):
 garbage-first heap   total 62464K, used 21601K [0x0000000084000000, 0x0000000100000000)
  region size 1024K, 3 young (3072K), 3 survivors (3072K)
 Metaspace       used 32026K, committed 32640K, reserved 1114112K
  class space    used 4089K, committed 4352K, reserved 1048576K
}
Event: 9.607 GC heap before
{Heap before GC invocations=6 (full 0):
 garbage-first heap   total 62464K, used 33889K [0x0000000084000000, 0x0000000100000000)
  region size 1024K, 16 young (16384K), 3 survivors (3072K)
 Metaspace       used 35415K, committed 35968K, reserved 1114112K
  class space    used 4617K, committed 4864K, reserved 1048576K
}
Event: 9.611 GC heap after
{Heap after GC invocations=7 (full 0):
 garbage-first heap   total 62464K, used 22103K [0x0000000084000000, 0x0000000100000000)
  region size 1024K, 1 young (1024K), 1 survivors (1024K)
 Metaspace       used 35415K, committed 35968K, reserved 1114112K
  class space    used 4617K, committed 4864K, reserved 1048576K
}
Event: 13.316 GC heap before
{Heap before GC invocations=8 (full 0):
 garbage-first heap   total 62464K, used 50775K [0x0000000084000000, 0x0000000100000000)
  region size 1024K, 30 young (30720K), 1 survivors (1024K)
 Metaspace       used 43681K, committed 44288K, reserved 1114112K
  class space    used 5748K, committed 6016K, reserved 1048576K
}
Event: 13.320 GC heap after
{Heap after GC invocations=9 (full 0):
 garbage-first heap   total 62464K, used 24951K [0x0000000084000000, 0x0000000100000000)
  region size 1024K, 4 young (4096K), 4 survivors (4096K)
 Metaspace       used 43681K, committed 44288K, reserved 1114112K
  class space    used 5748K, committed 6016K, reserved 1048576K
}
Event: 14.391 GC heap before
{Heap before GC invocations=9 (full 0):
 garbage-first heap   total 62464K, used 51575K [0x0000000084000000, 0x0000000100000000)
  region size 1024K, 31 young (31744K), 4 survivors (4096K)
 Metaspace       used 51684K, committed 52352K, reserved 1114112K
  class space    used 6928K, committed 7232K, reserved 1048576K
}
Event: 14.397 GC heap after
{Heap after GC invocations=10 (full 0):
 garbage-first heap   total 62464K, used 26244K [0x0000000084000000, 0x0000000100000000)
  region size 1024K, 2 young (2048K), 2 survivors (2048K)
 Metaspace       used 51684K, committed 52352K, reserved 1114112K
  class space    used 6928K, committed 7232K, reserved 1048576K
}
Event: 15.403 GC heap before
{Heap before GC invocations=10 (full 0):
 garbage-first heap   total 62464K, used 53892K [0x0000000084000000, 0x0000000100000000)
  region size 1024K, 29 young (29696K), 2 survivors (2048K)
 Metaspace       used 57913K, committed 58560K, reserved 1114112K
  class space    used 7762K, committed 8064K, reserved 1048576K
}
Event: 15.407 GC heap after
{Heap after GC invocations=11 (full 0):
 garbage-first heap   total 62464K, used 28019K [0x0000000084000000, 0x0000000100000000)
  region size 1024K, 4 young (4096K), 4 survivors (4096K)
 Metaspace       used 57913K, committed 58560K, reserved 1114112K
  class space    used 7762K, committed 8064K, reserved 1048576K
}
Event: 15.641 GC heap before
{Heap before GC invocations=11 (full 0):
 garbage-first heap   total 62464K, used 33139K [0x0000000084000000, 0x0000000100000000)
  region size 1024K, 10 young (10240K), 4 survivors (4096K)
 Metaspace       used 59500K, committed 60096K, reserved 1114112K
  class space    used 7983K, committed 8256K, reserved 1048576K
}
Event: 15.645 GC heap after
{Heap after GC invocations=12 (full 0):
 garbage-first heap   total 62464K, used 28556K [0x0000000084000000, 0x0000000100000000)
  region size 1024K, 3 young (3072K), 3 survivors (3072K)
 Metaspace       used 59500K, committed 60096K, reserved 1114112K
  class space    used 7983K, committed 8256K, reserved 1048576K
}
Event: 16.743 GC heap before
{Heap before GC invocations=13 (full 0):
 garbage-first heap   total 62464K, used 52108K [0x0000000084000000, 0x0000000100000000)
  region size 1024K, 27 young (27648K), 3 survivors (3072K)
 Metaspace       used 63963K, committed 64640K, reserved 1114112K
  class space    used 8695K, committed 9024K, reserved 1048576K
}
Event: 16.748 GC heap after
{Heap after GC invocations=14 (full 0):
 garbage-first heap   total 62464K, used 31071K [0x0000000084000000, 0x0000000100000000)
  region size 1024K, 4 young (4096K), 4 survivors (4096K)
 Metaspace       used 63963K, committed 64640K, reserved 1114112K
  class space    used 8695K, committed 9024K, reserved 1048576K
}
Event: 17.653 GC heap before
{Heap before GC invocations=14 (full 0):
 garbage-first heap   total 62464K, used 52575K [0x0000000084000000, 0x0000000100000000)
  region size 1024K, 25 young (25600K), 4 survivors (4096K)
 Metaspace       used 67258K, committed 67968K, reserved 1114112K
  class space    used 9152K, committed 9472K, reserved 1048576K
}
Event: 17.660 GC heap after
{Heap after GC invocations=15 (full 0):
 garbage-first heap   total 62464K, used 33226K [0x0000000084000000, 0x0000000100000000)
  region size 1024K, 3 young (3072K), 3 survivors (3072K)
 Metaspace       used 67258K, committed 67968K, reserved 1114112K
  class space    used 9152K, committed 9472K, reserved 1048576K
}

