# JRE version: OpenJDK Runtime Environment Temurin-21.0.7+6 (21.0.7+6) (build 21.0.7+6-LTS)
# Java VM: OpenJDK 64-Bit Server VM Temurin-21.0.7+6 (21.0.7+6-LTS, mixed mode, sharing, tiered, compressed oops, compressed class ptrs, g1 gc, windows-amd64)
GC Precious Log:
 CardTable entry size: 512
 Card Set container configuration: InlinePtr #cards 5 size 8 Array Of Cards #cards 12 size 40 Howl #buckets 4 coarsen threshold 1843 Howl Bitmap #cards 512 size 80 coarsen threshold 460 Card regions per heap region 1 cards per card region 2048
 CPUs: 8 total, 8 available
 Memory: 7932M
 Large Page Support: Disabled
 NUMA Support: Disabled
 Compressed Oops: Enabled (32-bit)
 Heap Region Size: 1M
 Heap Min Capacity: 8M
 Heap Initial Capacity: 124M
 Heap Max Capacity: 1984M
 Pre-touch: Disabled
 Parallel Workers: 8
 Concurrent Workers: 2
 Concurrent Refinement Workers: 8
 Periodic GC: Disabled
Heap:
 garbage-first heap   total 75776K, used 41873K [0x0000000084000000, 0x0000000100000000)
  region size 1024K, 9 young (9216K), 0 survivors (0K)
 Metaspace       used 82732K, committed 83584K, reserved 1179648K
  class space    used 10842K, committed 11264K, reserved 1048576K
GC Heap History (20 events):
Event: 885.368 GC heap before
{Heap before GC invocations=24 (full 1):
 garbage-first heap   total 66560K, used 53571K [0x0000000084000000, 0x0000000100000000)
  region size 1024K, 21 young (21504K), 3 survivors (3072K)
 Metaspace       used 80422K, committed 81216K, reserved 1179648K
  class space    used 10762K, committed 11136K, reserved 1048576K
}
Event: 885.379 GC heap after
{Heap after GC invocations=25 (full 1):
 garbage-first heap   total 66560K, used 36892K [0x0000000084000000, 0x0000000100000000)
  region size 1024K, 2 young (2048K), 2 survivors (2048K)
 Metaspace       used 80422K, committed 81216K, reserved 1179648K
  class space    used 10762K, committed 11136K, reserved 1048576K
}
Event: 885.752 GC heap before
{Heap before GC invocations=25 (full 1):
 garbage-first heap   total 66560K, used 54300K [0x0000000084000000, 0x0000000100000000)
  region size 1024K, 20 young (20480K), 2 survivors (2048K)
 Metaspace       used 80836K, committed 81664K, reserved 1179648K
  class space    used 10774K, committed 11136K, reserved 1048576K
}
Event: 885.758 GC heap after
{Heap after GC invocations=26 (full 1):
 garbage-first heap   total 66560K, used 38767K [0x0000000084000000, 0x0000000100000000)
  region size 1024K, 3 young (3072K), 3 survivors (3072K)
 Metaspace       used 80836K, committed 81664K, reserved 1179648K
  class space    used 10774K, committed 11136K, reserved 1048576K
}
Event: 889.462 GC heap before
{Heap before GC invocations=26 (full 1):
 garbage-first heap   total 66560K, used 55151K [0x0000000084000000, 0x0000000100000000)
  region size 1024K, 19 young (19456K), 3 survivors (3072K)
 Metaspace       used 81085K, committed 81856K, reserved 1179648K
  class space    used 10782K, committed 11136K, reserved 1048576K
}
Event: 889.471 GC heap after
{Heap after GC invocations=27 (full 1):
 garbage-first heap   total 66560K, used 41578K [0x0000000084000000, 0x0000000100000000)
  region size 1024K, 3 young (3072K), 3 survivors (3072K)
 Metaspace       used 81085K, committed 81856K, reserved 1179648K
  class space    used 10782K, committed 11136K, reserved 1048576K
}
Event: 917.003 GC heap before
{Heap before GC invocations=28 (full 1):
 garbage-first heap   total 75776K, used 45674K [0x0000000084000000, 0x0000000100000000)
  region size 1024K, 8 young (8192K), 3 survivors (3072K)
 Metaspace       used 81209K, committed 81984K, reserved 1179648K
  class space    used 10783K, committed 11136K, reserved 1048576K
}
Event: 917.069 GC heap after
{Heap after GC invocations=29 (full 2):
 garbage-first heap   total 75776K, used 33061K [0x0000000084000000, 0x0000000100000000)
  region size 1024K, 0 young (0K), 0 survivors (0K)
 Metaspace       used 81209K, committed 81984K, reserved 1179648K
  class space    used 10783K, committed 11136K, reserved 1048576K
}
Event: 917.680 GC heap before
{Heap before GC invocations=29 (full 2):
 garbage-first heap   total 75776K, used 62757K [0x0000000084000000, 0x0000000100000000)
  region size 1024K, 29 young (29696K), 0 survivors (0K)
 Metaspace       used 81371K, committed 82176K, reserved 1179648K
  class space    used 10791K, committed 11136K, reserved 1048576K
}
Event: 917.684 GC heap after
{Heap after GC invocations=30 (full 2):
 garbage-first heap   total 75776K, used 36063K [0x0000000084000000, 0x0000000100000000)
  region size 1024K, 3 young (3072K), 3 survivors (3072K)
 Metaspace       used 81371K, committed 82176K, reserved 1179648K
  class space    used 10791K, committed 11136K, reserved 1048576K
}
Event: 918.127 GC heap before
{Heap before GC invocations=31 (full 2):
 garbage-first heap   total 75776K, used 62687K [0x0000000084000000, 0x0000000100000000)
  region size 1024K, 30 young (30720K), 3 survivors (3072K)
 Metaspace       used 81776K, committed 82624K, reserved 1179648K
  class space    used 10803K, committed 11200K, reserved 1048576K
}
Event: 918.131 GC heap after
{Heap after GC invocations=32 (full 2):
 garbage-first heap   total 75776K, used 38641K [0x0000000084000000, 0x0000000100000000)
  region size 1024K, 3 young (3072K), 3 survivors (3072K)
 Metaspace       used 81776K, committed 82624K, reserved 1179648K
  class space    used 10803K, committed 11200K, reserved 1048576K
}
Event: 952.506 GC heap before
{Heap before GC invocations=32 (full 2):
 garbage-first heap   total 75776K, used 59121K [0x0000000084000000, 0x0000000100000000)
  region size 1024K, 24 young (24576K), 3 survivors (3072K)
 Metaspace       used 81992K, committed 82816K, reserved 1179648K
  class space    used 10812K, committed 11200K, reserved 1048576K
}
Event: 952.579 GC heap after
{Heap after GC invocations=33 (full 3):
 garbage-first heap   total 75776K, used 33361K [0x0000000084000000, 0x0000000100000000)
  region size 1024K, 0 young (0K), 0 survivors (0K)
 Metaspace       used 81990K, committed 82816K, reserved 1179648K
  class space    used 10811K, committed 11200K, reserved 1048576K
}
Event: 953.552 GC heap before
{Heap before GC invocations=33 (full 3):
 garbage-first heap   total 75776K, used 62033K [0x0000000084000000, 0x0000000100000000)
  region size 1024K, 29 young (29696K), 0 survivors (0K)
 Metaspace       used 82118K, committed 82944K, reserved 1179648K
  class space    used 10820K, committed 11200K, reserved 1048576K
}
Event: 953.556 GC heap after
{Heap after GC invocations=34 (full 3):
 garbage-first heap   total 75776K, used 36342K [0x0000000084000000, 0x0000000100000000)
  region size 1024K, 3 young (3072K), 3 survivors (3072K)
 Metaspace       used 82118K, committed 82944K, reserved 1179648K
  class space    used 10820K, committed 11200K, reserved 1048576K
}
Event: 954.081 GC heap before
{Heap before GC invocations=35 (full 3):
 garbage-first heap   total 75776K, used 63990K [0x0000000084000000, 0x0000000100000000)
  region size 1024K, 30 young (30720K), 3 survivors (3072K)
 Metaspace       used 82491K, committed 83264K, reserved 1179648K
  class space    used 10831K, committed 11200K, reserved 1048576K
}
Event: 954.130 GC heap after
{Heap after GC invocations=36 (full 3):
 garbage-first heap   total 75776K, used 38943K [0x0000000084000000, 0x0000000100000000)
  region size 1024K, 3 young (3072K), 3 survivors (3072K)
 Metaspace       used 82491K, committed 83264K, reserved 1179648K
  class space    used 10831K, committed 11200K, reserved 1048576K
}
Event: 981.222 GC heap before
{Heap before GC invocations=36 (full 3):
 garbage-first heap   total 75776K, used 60447K [0x0000000084000000, 0x0000000100000000)
  region size 1024K, 25 young (25600K), 3 survivors (3072K)
 Metaspace       used 82690K, committed 83520K, reserved 1179648K
  class space    used 10839K, committed 11200K, reserved 1048576K
}
Event: 981.290 GC heap after
{Heap after GC invocations=37 (full 4):
 garbage-first heap   total 75776K, used 33681K [0x0000000084000000, 0x0000000100000000)
  region size 1024K, 0 young (0K), 0 survivors (0K)
 Metaspace       used 82687K, committed 83520K, reserved 1179648K
  class space    used 10838K, committed 11200K, reserved 1048576K
}

