# JRE version: OpenJDK Runtime Environment Temurin-21.0.7+6 (21.0.7+6) (build 21.0.7+6-LTS)
# Java VM: OpenJDK 64-Bit Server VM Temurin-21.0.7+6 (21.0.7+6-LTS, mixed mode, sharing, tiered, compressed oops, compressed class ptrs, parallel gc, windows-amd64)
GC Precious Log:
 CardTable entry size: 512
 CPUs: 8 total, 8 available
 Memory: 7932M
 Large Page Support: Disabled
 NUMA Support: Disabled
 Compressed Oops: Enabled (32-bit)
 Alignments: Space 512K, Generation 512K, Heap 2M
 Heap Min Capacity: 100M
 Heap Initial Capacity: 100M
 Heap Max Capacity: 2G
 Pre-touch: Disabled
 Parallel Workers: 8
Heap:
 PSYoungGen      total 21504K, used 10736K [0x00000000d5580000, 0x00000000d6d80000, 0x0000000100000000)
  eden space 20992K, 50% used [0x00000000d5580000,0x00000000d5fc4080,0x00000000d6a00000)
  from space 512K, 43% used [0x00000000d6d00000,0x00000000d6d38000,0x00000000d6d80000)
  to   space 1024K, 0% used [0x00000000d6b80000,0x00000000d6b80000,0x00000000d6c80000)
 ParOldGen       total 68608K, used 29876K [0x0000000080000000, 0x0000000084300000, 0x00000000d5580000)
  object space 68608K, 43% used [0x0000000080000000,0x0000000081d2d1c8,0x0000000084300000)
 Metaspace       used 40158K, committed 41216K, reserved 1114112K
  class space    used 4005K, committed 4480K, reserved 1048576K
GC Heap History (20 events):
Event: 6.450 GC heap before
{Heap before GC invocations=15 (full 1):
 PSYoungGen      total 23552K, used 23136K [0x00000000d5580000, 0x00000000d7000000, 0x0000000100000000)
  eden space 20992K, 100% used [0x00000000d5580000,0x00000000d6a00000,0x00000000d6a00000)
  from space 2560K, 83% used [0x00000000d6a00000,0x00000000d6c18000,0x00000000d6c80000)
  to   space 3072K, 0% used [0x00000000d6d00000,0x00000000d6d00000,0x00000000d7000000)
 ParOldGen       total 68608K, used 20447K [0x0000000080000000, 0x0000000084300000, 0x00000000d5580000)
  object space 68608K, 29% used [0x0000000080000000,0x00000000813f7c40,0x0000000084300000)
 Metaspace       used 32291K, committed 33344K, reserved 1114112K
  class space    used 3217K, committed 3648K, reserved 1048576K
}
Event: 6.455 GC heap after
{Heap after GC invocations=15 (full 1):
 PSYoungGen      total 23040K, used 1988K [0x00000000d5580000, 0x00000000d6f00000, 0x0000000100000000)
  eden space 20992K, 0% used [0x00000000d5580000,0x00000000d5580000,0x00000000d6a00000)
  from space 2048K, 97% used [0x00000000d6d00000,0x00000000d6ef1000,0x00000000d6f00000)
  to   space 2560K, 0% used [0x00000000d6a00000,0x00000000d6a00000,0x00000000d6c80000)
 ParOldGen       total 68608K, used 22469K [0x0000000080000000, 0x0000000084300000, 0x00000000d5580000)
  object space 68608K, 32% used [0x0000000080000000,0x00000000815f15f0,0x0000000084300000)
 Metaspace       used 32291K, committed 33344K, reserved 1114112K
  class space    used 3217K, committed 3648K, reserved 1048576K
}
Event: 6.542 GC heap before
{Heap before GC invocations=16 (full 1):
 PSYoungGen      total 23040K, used 22980K [0x00000000d5580000, 0x00000000d6f00000, 0x0000000100000000)
  eden space 20992K, 100% used [0x00000000d5580000,0x00000000d6a00000,0x00000000d6a00000)
  from space 2048K, 97% used [0x00000000d6d00000,0x00000000d6ef1000,0x00000000d6f00000)
  to   space 2560K, 0% used [0x00000000d6a00000,0x00000000d6a00000,0x00000000d6c80000)
 ParOldGen       total 68608K, used 22469K [0x0000000080000000, 0x0000000084300000, 0x00000000d5580000)
  object space 68608K, 32% used [0x0000000080000000,0x00000000815f15f0,0x0000000084300000)
 Metaspace       used 32334K, committed 33344K, reserved 1114112K
  class space    used 3217K, committed 3648K, reserved 1048576K
}
Event: 6.548 GC heap after
{Heap after GC invocations=16 (full 1):
 PSYoungGen      total 23552K, used 2144K [0x00000000d5580000, 0x00000000d6f00000, 0x0000000100000000)
  eden space 20992K, 0% used [0x00000000d5580000,0x00000000d5580000,0x00000000d6a00000)
  from space 2560K, 83% used [0x00000000d6a00000,0x00000000d6c18010,0x00000000d6c80000)
  to   space 2560K, 0% used [0x00000000d6c80000,0x00000000d6c80000,0x00000000d6f00000)
 ParOldGen       total 68608K, used 24347K [0x0000000080000000, 0x0000000084300000, 0x00000000d5580000)
  object space 68608K, 35% used [0x0000000080000000,0x00000000817c6c18,0x0000000084300000)
 Metaspace       used 32334K, committed 33344K, reserved 1114112K
  class space    used 3217K, committed 3648K, reserved 1048576K
}
Event: 6.625 GC heap before
{Heap before GC invocations=17 (full 1):
 PSYoungGen      total 23552K, used 23136K [0x00000000d5580000, 0x00000000d6f00000, 0x0000000100000000)
  eden space 20992K, 100% used [0x00000000d5580000,0x00000000d6a00000,0x00000000d6a00000)
  from space 2560K, 83% used [0x00000000d6a00000,0x00000000d6c18010,0x00000000d6c80000)
  to   space 2560K, 0% used [0x00000000d6c80000,0x00000000d6c80000,0x00000000d6f00000)
 ParOldGen       total 68608K, used 24347K [0x0000000080000000, 0x0000000084300000, 0x00000000d5580000)
  object space 68608K, 35% used [0x0000000080000000,0x00000000817c6c18,0x0000000084300000)
 Metaspace       used 32403K, committed 33408K, reserved 1114112K
  class space    used 3217K, committed 3648K, reserved 1048576K
}
Event: 6.630 GC heap after
{Heap after GC invocations=17 (full 1):
 PSYoungGen      total 23040K, used 1880K [0x00000000d5580000, 0x00000000d6e80000, 0x0000000100000000)
  eden space 20992K, 0% used [0x00000000d5580000,0x00000000d5580000,0x00000000d6a00000)
  from space 2048K, 91% used [0x00000000d6c80000,0x00000000d6e56200,0x00000000d6e80000)
  to   space 2048K, 0% used [0x00000000d6a80000,0x00000000d6a80000,0x00000000d6c80000)
 ParOldGen       total 68608K, used 26411K [0x0000000080000000, 0x0000000084300000, 0x00000000d5580000)
  object space 68608K, 38% used [0x0000000080000000,0x00000000819cac28,0x0000000084300000)
 Metaspace       used 32403K, committed 33408K, reserved 1114112K
  class space    used 3217K, committed 3648K, reserved 1048576K
}
Event: 6.761 GC heap before
{Heap before GC invocations=18 (full 1):
 PSYoungGen      total 23040K, used 22872K [0x00000000d5580000, 0x00000000d6e80000, 0x0000000100000000)
  eden space 20992K, 100% used [0x00000000d5580000,0x00000000d6a00000,0x00000000d6a00000)
  from space 2048K, 91% used [0x00000000d6c80000,0x00000000d6e56200,0x00000000d6e80000)
  to   space 2048K, 0% used [0x00000000d6a80000,0x00000000d6a80000,0x00000000d6c80000)
 ParOldGen       total 68608K, used 26411K [0x0000000080000000, 0x0000000084300000, 0x00000000d5580000)
  object space 68608K, 38% used [0x0000000080000000,0x00000000819cac28,0x0000000084300000)
 Metaspace       used 33115K, committed 34048K, reserved 1114112K
  class space    used 3296K, committed 3712K, reserved 1048576K
}
Event: 6.765 GC heap after
{Heap after GC invocations=18 (full 1):
 PSYoungGen      total 23040K, used 1777K [0x00000000d5580000, 0x00000000d6e00000, 0x0000000100000000)
  eden space 20992K, 0% used [0x00000000d5580000,0x00000000d5580000,0x00000000d6a00000)
  from space 2048K, 86% used [0x00000000d6a80000,0x00000000d6c3c508,0x00000000d6c80000)
  to   space 1536K, 0% used [0x00000000d6c80000,0x00000000d6c80000,0x00000000d6e00000)
 ParOldGen       total 68608K, used 28203K [0x0000000080000000, 0x0000000084300000, 0x00000000d5580000)
  object space 68608K, 41% used [0x0000000080000000,0x0000000081b8ae28,0x0000000084300000)
 Metaspace       used 33115K, committed 34048K, reserved 1114112K
  class space    used 3296K, committed 3712K, reserved 1048576K
}
Event: 7.003 GC heap before
{Heap before GC invocations=19 (full 1):
 PSYoungGen      total 23040K, used 13168K [0x00000000d5580000, 0x00000000d6e00000, 0x0000000100000000)
  eden space 20992K, 54% used [0x00000000d5580000,0x00000000d609fcd8,0x00000000d6a00000)
  from space 2048K, 86% used [0x00000000d6a80000,0x00000000d6c3c508,0x00000000d6c80000)
  to   space 1536K, 0% used [0x00000000d6c80000,0x00000000d6c80000,0x00000000d6e00000)
 ParOldGen       total 68608K, used 28203K [0x0000000080000000, 0x0000000084300000, 0x00000000d5580000)
  object space 68608K, 41% used [0x0000000080000000,0x0000000081b8ae28,0x0000000084300000)
 Metaspace       used 34851K, committed 35840K, reserved 1114112K
  class space    used 3485K, committed 3968K, reserved 1048576K
}
Event: 7.007 GC heap after
{Heap after GC invocations=19 (full 1):
 PSYoungGen      total 22016K, used 628K [0x00000000d5580000, 0x00000000d6d80000, 0x0000000100000000)
  eden space 20992K, 0% used [0x00000000d5580000,0x00000000d5580000,0x00000000d6a00000)
  from space 1024K, 61% used [0x00000000d6c80000,0x00000000d6d1d3c8,0x00000000d6d80000)
  to   space 1536K, 0% used [0x00000000d6a80000,0x00000000d6a80000,0x00000000d6c00000)
 ParOldGen       total 68608K, used 29737K [0x0000000080000000, 0x0000000084300000, 0x00000000d5580000)
  object space 68608K, 43% used [0x0000000080000000,0x0000000081d0a6a0,0x0000000084300000)
 Metaspace       used 34851K, committed 35840K, reserved 1114112K
  class space    used 3485K, committed 3968K, reserved 1048576K
}
Event: 7.007 GC heap before
{Heap before GC invocations=20 (full 2):
 PSYoungGen      total 22016K, used 628K [0x00000000d5580000, 0x00000000d6d80000, 0x0000000100000000)
  eden space 20992K, 0% used [0x00000000d5580000,0x00000000d5580000,0x00000000d6a00000)
  from space 1024K, 61% used [0x00000000d6c80000,0x00000000d6d1d3c8,0x00000000d6d80000)
  to   space 1536K, 0% used [0x00000000d6a80000,0x00000000d6a80000,0x00000000d6c00000)
 ParOldGen       total 68608K, used 29737K [0x0000000080000000, 0x0000000084300000, 0x00000000d5580000)
  object space 68608K, 43% used [0x0000000080000000,0x0000000081d0a6a0,0x0000000084300000)
 Metaspace       used 34851K, committed 35840K, reserved 1114112K
  class space    used 3485K, committed 3968K, reserved 1048576K
}
Event: 7.077 GC heap after
{Heap after GC invocations=20 (full 2):
 PSYoungGen      total 22016K, used 0K [0x00000000d5580000, 0x00000000d6d80000, 0x0000000100000000)
  eden space 20992K, 0% used [0x00000000d5580000,0x00000000d5580000,0x00000000d6a00000)
  from space 1024K, 0% used [0x00000000d6c80000,0x00000000d6c80000,0x00000000d6d80000)
  to   space 1536K, 0% used [0x00000000d6a80000,0x00000000d6a80000,0x00000000d6c00000)
 ParOldGen       total 68608K, used 28543K [0x0000000080000000, 0x0000000084300000, 0x00000000d5580000)
  object space 68608K, 41% used [0x0000000080000000,0x0000000081bdfe60,0x0000000084300000)
 Metaspace       used 34770K, committed 35840K, reserved 1114112K
  class space    used 3463K, committed 3968K, reserved 1048576K
}
Event: 7.910 GC heap before
{Heap before GC invocations=21 (full 2):
 PSYoungGen      total 22016K, used 20992K [0x00000000d5580000, 0x00000000d6d80000, 0x0000000100000000)
  eden space 20992K, 100% used [0x00000000d5580000,0x00000000d6a00000,0x00000000d6a00000)
  from space 1024K, 0% used [0x00000000d6c80000,0x00000000d6c80000,0x00000000d6d80000)
  to   space 1536K, 0% used [0x00000000d6a80000,0x00000000d6a80000,0x00000000d6c00000)
 ParOldGen       total 68608K, used 28543K [0x0000000080000000, 0x0000000084300000, 0x00000000d5580000)
  object space 68608K, 41% used [0x0000000080000000,0x0000000081bdfe60,0x0000000084300000)
 Metaspace       used 36149K, committed 37120K, reserved 1114112K
  class space    used 3581K, committed 4032K, reserved 1048576K
}
Event: 7.911 GC heap after
{Heap after GC invocations=21 (full 2):
 PSYoungGen      total 22528K, used 416K [0x00000000d5580000, 0x00000000d6d00000, 0x0000000100000000)
  eden space 20992K, 0% used [0x00000000d5580000,0x00000000d5580000,0x00000000d6a00000)
  from space 1536K, 27% used [0x00000000d6a80000,0x00000000d6ae8000,0x00000000d6c00000)
  to   space 1024K, 0% used [0x00000000d6c00000,0x00000000d6c00000,0x00000000d6d00000)
 ParOldGen       total 68608K, used 28551K [0x0000000080000000, 0x0000000084300000, 0x00000000d5580000)
  object space 68608K, 41% used [0x0000000080000000,0x0000000081be1e60,0x0000000084300000)
 Metaspace       used 36149K, committed 37120K, reserved 1114112K
  class space    used 3581K, committed 4032K, reserved 1048576K
}
Event: 8.469 GC heap before
{Heap before GC invocations=22 (full 2):
 PSYoungGen      total 22528K, used 21395K [0x00000000d5580000, 0x00000000d6d00000, 0x0000000100000000)
  eden space 20992K, 99% used [0x00000000d5580000,0x00000000d69fcd88,0x00000000d6a00000)
  from space 1536K, 27% used [0x00000000d6a80000,0x00000000d6ae8000,0x00000000d6c00000)
  to   space 1024K, 0% used [0x00000000d6c00000,0x00000000d6c00000,0x00000000d6d00000)
 ParOldGen       total 68608K, used 28551K [0x0000000080000000, 0x0000000084300000, 0x00000000d5580000)
  object space 68608K, 41% used [0x0000000080000000,0x0000000081be1e60,0x0000000084300000)
 Metaspace       used 37969K, committed 38976K, reserved 1114112K
  class space    used 3775K, committed 4224K, reserved 1048576K
}
Event: 8.471 GC heap after
{Heap after GC invocations=22 (full 2):
 PSYoungGen      total 22016K, used 1015K [0x00000000d5580000, 0x00000000d6d00000, 0x0000000100000000)
  eden space 20992K, 0% used [0x00000000d5580000,0x00000000d5580000,0x00000000d6a00000)
  from space 1024K, 99% used [0x00000000d6c00000,0x00000000d6cfde20,0x00000000d6d00000)
  to   space 1536K, 0% used [0x00000000d6a00000,0x00000000d6a00000,0x00000000d6b80000)
 ParOldGen       total 68608K, used 28868K [0x0000000080000000, 0x0000000084300000, 0x00000000d5580000)
  object space 68608K, 42% used [0x0000000080000000,0x0000000081c31118,0x0000000084300000)
 Metaspace       used 37969K, committed 38976K, reserved 1114112K
  class space    used 3775K, committed 4224K, reserved 1048576K
}
Event: 8.628 GC heap before
{Heap before GC invocations=23 (full 2):
 PSYoungGen      total 22016K, used 22007K [0x00000000d5580000, 0x00000000d6d00000, 0x0000000100000000)
  eden space 20992K, 100% used [0x00000000d5580000,0x00000000d6a00000,0x00000000d6a00000)
  from space 1024K, 99% used [0x00000000d6c00000,0x00000000d6cfde20,0x00000000d6d00000)
  to   space 1536K, 0% used [0x00000000d6a00000,0x00000000d6a00000,0x00000000d6b80000)
 ParOldGen       total 68608K, used 28868K [0x0000000080000000, 0x0000000084300000, 0x00000000d5580000)
  object space 68608K, 42% used [0x0000000080000000,0x0000000081c31118,0x0000000084300000)
 Metaspace       used 38213K, committed 39168K, reserved 1114112K
  class space    used 3800K, committed 4224K, reserved 1048576K
}
Event: 8.631 GC heap after
{Heap after GC invocations=23 (full 2):
 PSYoungGen      total 22528K, used 1534K [0x00000000d5580000, 0x00000000d7000000, 0x0000000100000000)
  eden space 20992K, 0% used [0x00000000d5580000,0x00000000d5580000,0x00000000d6a00000)
  from space 1536K, 99% used [0x00000000d6a00000,0x00000000d6b7f850,0x00000000d6b80000)
  to   space 3072K, 0% used [0x00000000d6d00000,0x00000000d6d00000,0x00000000d7000000)
 ParOldGen       total 68608K, used 29716K [0x0000000080000000, 0x0000000084300000, 0x00000000d5580000)
  object space 68608K, 43% used [0x0000000080000000,0x0000000081d051a8,0x0000000084300000)
 Metaspace       used 38213K, committed 39168K, reserved 1114112K
  class space    used 3800K, committed 4224K, reserved 1048576K
}
Event: 8.774 GC heap before
{Heap before GC invocations=24 (full 2):
 PSYoungGen      total 22528K, used 22526K [0x00000000d5580000, 0x00000000d7000000, 0x0000000100000000)
  eden space 20992K, 100% used [0x00000000d5580000,0x00000000d6a00000,0x00000000d6a00000)
  from space 1536K, 99% used [0x00000000d6a00000,0x00000000d6b7f850,0x00000000d6b80000)
  to   space 3072K, 0% used [0x00000000d6d00000,0x00000000d6d00000,0x00000000d7000000)
 ParOldGen       total 68608K, used 29716K [0x0000000080000000, 0x0000000084300000, 0x00000000d5580000)
  object space 68608K, 43% used [0x0000000080000000,0x0000000081d051a8,0x0000000084300000)
 Metaspace       used 38845K, committed 39808K, reserved 1114112K
  class space    used 3853K, committed 4288K, reserved 1048576K
}
Event: 8.777 GC heap after
{Heap after GC invocations=24 (full 2):
 PSYoungGen      total 21504K, used 224K [0x00000000d5580000, 0x00000000d6d80000, 0x0000000100000000)
  eden space 20992K, 0% used [0x00000000d5580000,0x00000000d5580000,0x00000000d6a00000)
  from space 512K, 43% used [0x00000000d6d00000,0x00000000d6d38000,0x00000000d6d80000)
  to   space 1024K, 0% used [0x00000000d6b80000,0x00000000d6b80000,0x00000000d6c80000)
 ParOldGen       total 68608K, used 29876K [0x0000000080000000, 0x0000000084300000, 0x00000000d5580000)
  object space 68608K, 43% used [0x0000000080000000,0x0000000081d2d1c8,0x0000000084300000)
 Metaspace       used 38845K, committed 39808K, reserved 1114112K
  class space    used 3853K, committed 4288K, reserved 1048576K
}

