# JRE version: OpenJDK Runtime Environment Temurin-21.0.7+6 (21.0.7+6) (build 21.0.7+6-LTS)
# Java VM: OpenJDK 64-Bit Server VM Temurin-21.0.7+6 (21.0.7+6-LTS, mixed mode, sharing, tiered, compressed oops, compressed class ptrs, g1 gc, windows-amd64)
GC Precious Log:
 CardTable entry size: 512
 Card Set container configuration: InlinePtr #cards 5 size 8 Array Of Cards #cards 12 size 40 Howl #buckets 4 coarsen threshold 1843 Howl Bitmap #cards 512 size 80 coarsen threshold 460 Card regions per heap region 1 cards per card region 2048
 CPUs: 8 total, 8 available
 Memory: 7932M
 Large Page Support: Disabled
 NUMA Support: Disabled
 Compressed Oops: Enabled (32-bit)
 Heap Region Size: 1M
 Heap Min Capacity: 8M
 Heap Initial Capacity: 124M
 Heap Max Capacity: 1984M
 Pre-touch: Disabled
 Parallel Workers: 8
 Concurrent Workers: 2
 Concurrent Refinement Workers: 8
 Periodic GC: Disabled
Heap:
 garbage-first heap   total 67584K, used 39954K [0x0000000084000000, 0x0000000100000000)
  region size 1024K, 3 young (3072K), 3 survivors (3072K)
 Metaspace       used 82578K, committed 83456K, reserved 1179648K
  class space    used 10808K, committed 11200K, reserved 1048576K
GC Heap History (20 events):
Event: 696.370 GC heap after
{Heap after GC invocations=25 (full 2):
 garbage-first heap   total 67584K, used 33495K [0x0000000084000000, 0x0000000100000000)
  region size 1024K, 3 young (3072K), 3 survivors (3072K)
 Metaspace       used 80871K, committed 81728K, reserved 1179648K
  class space    used 10752K, committed 11136K, reserved 1048576K
}
Event: 696.744 GC heap before
{Heap before GC invocations=26 (full 2):
 garbage-first heap   total 67584K, used 57047K [0x0000000084000000, 0x0000000100000000)
  region size 1024K, 26 young (26624K), 3 survivors (3072K)
 Metaspace       used 81173K, committed 82048K, reserved 1179648K
  class space    used 10761K, committed 11136K, reserved 1048576K
}
Event: 696.748 GC heap after
{Heap after GC invocations=27 (full 2):
 garbage-first heap   total 67584K, used 35671K [0x0000000084000000, 0x0000000100000000)
  region size 1024K, 3 young (3072K), 3 survivors (3072K)
 Metaspace       used 81173K, committed 82048K, reserved 1179648K
  class space    used 10761K, committed 11136K, reserved 1048576K
}
Event: 703.604 GC heap before
{Heap before GC invocations=27 (full 2):
 garbage-first heap   total 67584K, used 56151K [0x0000000084000000, 0x0000000100000000)
  region size 1024K, 23 young (23552K), 3 survivors (3072K)
 Metaspace       used 81345K, committed 82176K, reserved 1179648K
  class space    used 10766K, committed 11136K, reserved 1048576K
}
Event: 703.609 GC heap after
{Heap after GC invocations=28 (full 2):
 garbage-first heap   total 67584K, used 37424K [0x0000000084000000, 0x0000000100000000)
  region size 1024K, 2 young (2048K), 2 survivors (2048K)
 Metaspace       used 81345K, committed 82176K, reserved 1179648K
  class space    used 10766K, committed 11136K, reserved 1048576K
}
Event: 754.759 GC heap before
{Heap before GC invocations=28 (full 2):
 garbage-first heap   total 67584K, used 42544K [0x0000000084000000, 0x0000000100000000)
  region size 1024K, 8 young (8192K), 2 survivors (2048K)
 Metaspace       used 81411K, committed 82304K, reserved 1179648K
  class space    used 10771K, committed 11200K, reserved 1048576K
}
Event: 754.817 GC heap after
{Heap after GC invocations=29 (full 3):
 garbage-first heap   total 67584K, used 33059K [0x0000000084000000, 0x0000000100000000)
  region size 1024K, 0 young (0K), 0 survivors (0K)
 Metaspace       used 81408K, committed 82304K, reserved 1179648K
  class space    used 10771K, committed 11200K, reserved 1048576K
}
Event: 755.211 GC heap before
{Heap before GC invocations=29 (full 3):
 garbage-first heap   total 67584K, used 56611K [0x0000000084000000, 0x0000000100000000)
  region size 1024K, 24 young (24576K), 0 survivors (0K)
 Metaspace       used 81502K, committed 82368K, reserved 1179648K
  class space    used 10776K, committed 11200K, reserved 1048576K
}
Event: 755.213 GC heap after
{Heap after GC invocations=30 (full 3):
 garbage-first heap   total 67584K, used 35708K [0x0000000084000000, 0x0000000100000000)
  region size 1024K, 3 young (3072K), 3 survivors (3072K)
 Metaspace       used 81502K, committed 82368K, reserved 1179648K
  class space    used 10776K, committed 11200K, reserved 1048576K
}
Event: 755.540 GC heap before
{Heap before GC invocations=31 (full 3):
 garbage-first heap   total 67584K, used 56188K [0x0000000084000000, 0x0000000100000000)
  region size 1024K, 24 young (24576K), 3 survivors (3072K)
 Metaspace       used 81658K, committed 82560K, reserved 1179648K
  class space    used 10780K, committed 11200K, reserved 1048576K
}
Event: 755.544 GC heap after
{Heap after GC invocations=32 (full 3):
 garbage-first heap   total 67584K, used 37541K [0x0000000084000000, 0x0000000100000000)
  region size 1024K, 3 young (3072K), 3 survivors (3072K)
 Metaspace       used 81658K, committed 82560K, reserved 1179648K
  class space    used 10780K, committed 11200K, reserved 1048576K
}
Event: 755.766 GC heap before
{Heap before GC invocations=32 (full 3):
 garbage-first heap   total 67584K, used 55973K [0x0000000084000000, 0x0000000100000000)
  region size 1024K, 21 young (21504K), 3 survivors (3072K)
 Metaspace       used 81918K, committed 82752K, reserved 1179648K
  class space    used 10788K, committed 11200K, reserved 1048576K
}
Event: 755.769 GC heap after
{Heap after GC invocations=33 (full 3):
 garbage-first heap   total 67584K, used 39579K [0x0000000084000000, 0x0000000100000000)
  region size 1024K, 3 young (3072K), 3 survivors (3072K)
 Metaspace       used 81918K, committed 82752K, reserved 1179648K
  class space    used 10788K, committed 11200K, reserved 1048576K
}
Event: 796.272 GC heap before
{Heap before GC invocations=33 (full 3):
 garbage-first heap   total 67584K, used 53915K [0x0000000084000000, 0x0000000100000000)
  region size 1024K, 18 young (18432K), 3 survivors (3072K)
 Metaspace       used 82167K, committed 83072K, reserved 1179648K
  class space    used 10792K, committed 11200K, reserved 1048576K
}
Event: 796.346 GC heap after
{Heap after GC invocations=34 (full 4):
 garbage-first heap   total 67584K, used 33345K [0x0000000084000000, 0x0000000100000000)
  region size 1024K, 0 young (0K), 0 survivors (0K)
 Metaspace       used 82165K, committed 83072K, reserved 1179648K
  class space    used 10791K, committed 11200K, reserved 1048576K
}
Event: 796.648 GC heap before
{Heap before GC invocations=34 (full 4):
 garbage-first heap   total 67584K, used 56897K [0x0000000084000000, 0x0000000100000000)
  region size 1024K, 24 young (24576K), 0 survivors (0K)
 Metaspace       used 82240K, committed 83136K, reserved 1179648K
  class space    used 10796K, committed 11200K, reserved 1048576K
}
Event: 796.652 GC heap after
{Heap after GC invocations=35 (full 4):
 garbage-first heap   total 67584K, used 35839K [0x0000000084000000, 0x0000000100000000)
  region size 1024K, 3 young (3072K), 3 survivors (3072K)
 Metaspace       used 82240K, committed 83136K, reserved 1179648K
  class space    used 10796K, committed 11200K, reserved 1048576K
}
Event: 797.009 GC heap before
{Heap before GC invocations=36 (full 4):
 garbage-first heap   total 67584K, used 56319K [0x0000000084000000, 0x0000000100000000)
  region size 1024K, 24 young (24576K), 3 survivors (3072K)
 Metaspace       used 82386K, committed 83264K, reserved 1179648K
  class space    used 10799K, committed 11200K, reserved 1048576K
}
Event: 797.012 GC heap after
{Heap after GC invocations=37 (full 4):
 garbage-first heap   total 67584K, used 37659K [0x0000000084000000, 0x0000000100000000)
  region size 1024K, 2 young (2048K), 2 survivors (2048K)
 Metaspace       used 82386K, committed 83264K, reserved 1179648K
  class space    used 10799K, committed 11200K, reserved 1048576K
}
Event: 797.225 GC heap before
{Heap before GC invocations=37 (full 4):
 garbage-first heap   total 67584K, used 58139K [0x0000000084000000, 0x0000000100000000)
  region size 1024K, 22 young (22528K), 2 survivors (2048K)
 Metaspace       used 82578K, committed 83456K, reserved 1179648K
  class space    used 10808K, committed 11200K, reserved 1048576K
}

