# JRE version: OpenJDK Runtime Environment Temurin-21.0.7+6 (21.0.7+6) (build 21.0.7+6-LTS)
# Java VM: OpenJDK 64-Bit Server VM Temurin-21.0.7+6 (21.0.7+6-LTS, mixed mode, emulated-client, sharing, tiered, compressed oops, compressed class ptrs, g1 gc, windows-amd64)
GC Precious Log:
 CardTable entry size: 512
 Card Set container configuration: InlinePtr #cards 5 size 8 Array Of Cards #cards 12 size 40 Howl #buckets 4 coarsen threshold 1843 Howl Bitmap #cards 512 size 80 coarsen threshold 460 Card regions per heap region 1 cards per card region 2048
 CPUs: 8 total, 8 available
 Memory: 7932M
 Large Page Support: Disabled
 NUMA Support: Disabled
 Compressed Oops: Enabled (32-bit)
 Heap Region Size: 1M
 Heap Min Capacity: 8M
 Heap Initial Capacity: 124M
 Heap Max Capacity: 1G
 Pre-touch: Disabled
 Parallel Workers: 8
 Concurrent Workers: 2
 Concurrent Refinement Workers: 8
 Periodic GC: Disabled
Heap:
 garbage-first heap   total 100352K, used 39027K [0x00000000c0000000, 0x0000000100000000)
  region size 1024K, 1 young (1024K), 0 survivors (0K)
 Metaspace       used 53887K, committed 55104K, reserved 1114112K
  class space    used 6525K, committed 7040K, reserved 1048576K
GC Heap History (20 events):
Event: 4.414 GC heap after
{Heap after GC invocations=4 (full 0):
 garbage-first heap   total 126976K, used 24999K [0x00000000c0000000, 0x0000000100000000)
  region size 1024K, 8 young (8192K), 8 survivors (8192K)
 Metaspace       used 21190K, committed 21504K, reserved 1114112K
  class space    used 2767K, committed 2944K, reserved 1048576K
}
Event: 10.514 GC heap before
{Heap before GC invocations=5 (full 0):
 garbage-first heap   total 86016K, used 84391K [0x00000000c0000000, 0x0000000100000000)
  region size 1024K, 65 young (66560K), 8 survivors (8192K)
 Metaspace       used 30843K, committed 31360K, reserved 1114112K
  class space    used 3976K, committed 4224K, reserved 1048576K
}
Event: 10.548 GC heap after
{Heap after GC invocations=6 (full 0):
 garbage-first heap   total 100352K, used 30378K [0x00000000c0000000, 0x0000000100000000)
  region size 1024K, 9 young (9216K), 9 survivors (9216K)
 Metaspace       used 30843K, committed 31360K, reserved 1114112K
  class space    used 3976K, committed 4224K, reserved 1048576K
}
Event: 28.505 GC heap before
{Heap before GC invocations=6 (full 0):
 garbage-first heap   total 100352K, used 60074K [0x00000000c0000000, 0x0000000100000000)
  region size 1024K, 40 young (40960K), 9 survivors (9216K)
 Metaspace       used 35314K, committed 36032K, reserved 1114112K
  class space    used 4683K, committed 4992K, reserved 1048576K
}
Event: 28.516 GC heap after
{Heap after GC invocations=7 (full 0):
 garbage-first heap   total 100352K, used 32683K [0x00000000c0000000, 0x0000000100000000)
  region size 1024K, 4 young (4096K), 4 survivors (4096K)
 Metaspace       used 35314K, committed 36032K, reserved 1114112K
  class space    used 4683K, committed 4992K, reserved 1048576K
}
Event: 28.569 GC heap before
{Heap before GC invocations=7 (full 0):
 garbage-first heap   total 100352K, used 33707K [0x00000000c0000000, 0x0000000100000000)
  region size 1024K, 6 young (6144K), 4 survivors (4096K)
 Metaspace       used 35640K, committed 36288K, reserved 1114112K
  class space    used 4702K, committed 4992K, reserved 1048576K
}
Event: 28.572 GC heap after
{Heap after GC invocations=8 (full 0):
 garbage-first heap   total 100352K, used 32211K [0x00000000c0000000, 0x0000000100000000)
  region size 1024K, 3 young (3072K), 3 survivors (3072K)
 Metaspace       used 35640K, committed 36288K, reserved 1114112K
  class space    used 4702K, committed 4992K, reserved 1048576K
}
Event: 29.962 GC heap before
{Heap before GC invocations=9 (full 0):
 garbage-first heap   total 100352K, used 86483K [0x00000000c0000000, 0x0000000100000000)
  region size 1024K, 54 young (55296K), 3 survivors (3072K)
 Metaspace       used 45342K, committed 46080K, reserved 1114112K
  class space    used 5660K, committed 6016K, reserved 1048576K
}
Event: 29.970 GC heap after
{Heap after GC invocations=10 (full 0):
 garbage-first heap   total 100352K, used 42959K [0x00000000c0000000, 0x0000000100000000)
  region size 1024K, 7 young (7168K), 7 survivors (7168K)
 Metaspace       used 45342K, committed 46080K, reserved 1114112K
  class space    used 5660K, committed 6016K, reserved 1048576K
}
Event: 31.024 GC heap before
{Heap before GC invocations=10 (full 0):
 garbage-first heap   total 100352K, used 80847K [0x00000000c0000000, 0x0000000100000000)
  region size 1024K, 45 young (46080K), 7 survivors (7168K)
 Metaspace       used 50638K, committed 51392K, reserved 1114112K
  class space    used 6210K, committed 6592K, reserved 1048576K
}
Event: 31.032 GC heap after
{Heap after GC invocations=11 (full 0):
 garbage-first heap   total 100352K, used 45148K [0x00000000c0000000, 0x0000000100000000)
  region size 1024K, 3 young (3072K), 3 survivors (3072K)
 Metaspace       used 50638K, committed 51392K, reserved 1114112K
  class space    used 6210K, committed 6592K, reserved 1048576K
}
Event: 52.083 GC heap before
{Heap before GC invocations=11 (full 0):
 garbage-first heap   total 100352K, used 83036K [0x00000000c0000000, 0x0000000100000000)
  region size 1024K, 41 young (41984K), 3 survivors (3072K)
 Metaspace       used 54194K, committed 54976K, reserved 1114112K
  class space    used 6620K, committed 6976K, reserved 1048576K
}
Event: 52.086 GC heap after
{Heap after GC invocations=12 (full 0):
 garbage-first heap   total 100352K, used 47485K [0x00000000c0000000, 0x0000000100000000)
  region size 1024K, 5 young (5120K), 5 survivors (5120K)
 Metaspace       used 54194K, committed 54976K, reserved 1114112K
  class space    used 6620K, committed 6976K, reserved 1048576K
}
Event: 91.071 GC heap before
{Heap before GC invocations=12 (full 0):
 garbage-first heap   total 100352K, used 55677K [0x00000000c0000000, 0x0000000100000000)
  region size 1024K, 14 young (14336K), 5 survivors (5120K)
 Metaspace       used 54267K, committed 55104K, reserved 1114112K
  class space    used 6627K, committed 7040K, reserved 1048576K
}
Event: 91.167 GC heap after
{Heap after GC invocations=13 (full 1):
 garbage-first heap   total 100352K, used 43955K [0x00000000c0000000, 0x0000000100000000)
  region size 1024K, 0 young (0K), 0 survivors (0K)
 Metaspace       used 54253K, committed 55104K, reserved 1114112K
  class space    used 6623K, committed 7040K, reserved 1048576K
}
Event: 101.530 GC heap before
{Heap before GC invocations=13 (full 1):
 garbage-first heap   total 100352K, used 43955K [0x00000000c0000000, 0x0000000100000000)
  region size 1024K, 1 young (1024K), 0 survivors (0K)
 Metaspace       used 54253K, committed 55104K, reserved 1114112K
  class space    used 6623K, committed 7040K, reserved 1048576K
}
Event: 101.594 GC heap after
{Heap after GC invocations=14 (full 2):
 garbage-first heap   total 100352K, used 39027K [0x00000000c0000000, 0x0000000100000000)
  region size 1024K, 0 young (0K), 0 survivors (0K)
 Metaspace       used 53887K, committed 55104K, reserved 1114112K
  class space    used 6525K, committed 7040K, reserved 1048576K
}
Event: 112.109 GC heap before
{Heap before GC invocations=14 (full 2):
 garbage-first heap   total 100352K, used 39027K [0x00000000c0000000, 0x0000000100000000)
  region size 1024K, 1 young (1024K), 0 survivors (0K)
 Metaspace       used 53887K, committed 55104K, reserved 1114112K
  class space    used 6525K, committed 7040K, reserved 1048576K
}
Event: 112.179 GC heap after
{Heap after GC invocations=15 (full 3):
 garbage-first heap   total 100352K, used 39027K [0x00000000c0000000, 0x0000000100000000)
  region size 1024K, 0 young (0K), 0 survivors (0K)
 Metaspace       used 53887K, committed 55104K, reserved 1114112K
  class space    used 6525K, committed 7040K, reserved 1048576K
}
Event: 122.254 GC heap before
{Heap before GC invocations=15 (full 3):
 garbage-first heap   total 100352K, used 39027K [0x00000000c0000000, 0x0000000100000000)
  region size 1024K, 1 young (1024K), 0 survivors (0K)
 Metaspace       used 53887K, committed 55104K, reserved 1114112K
  class space    used 6525K, committed 7040K, reserved 1048576K
}

