# JRE version: OpenJDK Runtime Environment Temurin-21.0.7+6 (21.0.7+6) (build 21.0.7+6-LTS)
# Java VM: OpenJDK 64-Bit Server VM Temurin-21.0.7+6 (21.0.7+6-LTS, mixed mode, sharing, tiered, compressed oops, compressed class ptrs, parallel gc, windows-amd64)
GC Precious Log:
 CardTable entry size: 512
 CPUs: 8 total, 8 available
 Memory: 7932M
 Large Page Support: Disabled
 NUMA Support: Disabled
 Compressed Oops: Enabled (32-bit)
 Alignments: Space 512K, Generation 512K, Heap 2M
 Heap Min Capacity: 100M
 Heap Initial Capacity: 100M
 Heap Max Capacity: 2G
 Pre-touch: Disabled
 Parallel Workers: 8
Heap:
 PSYoungGen      total 6144K, used 5726K [0x00000000d5580000, 0x00000000d5e00000, 0x0000000100000000)
  eden space 5632K, 94% used [0x00000000d5580000,0x00000000d5aafa78,0x00000000d5b00000)
  from space 512K, 81% used [0x00000000d5d80000,0x00000000d5de8020,0x00000000d5e00000)
  to   space 512K, 0% used [0x00000000d5d00000,0x00000000d5d00000,0x00000000d5d80000)
 ParOldGen       total 775680K, used 775660K [0x0000000080000000, 0x00000000af580000, 0x00000000d5580000)
  object space 775680K, 99% used [0x0000000080000000,0x00000000af57b160,0x00000000af580000)
 Metaspace       used 67815K, committed 69504K, reserved 1114112K
  class space    used 6918K, committed 7616K, reserved 1048576K
GC Heap History (20 events):
Event: 42.298 GC heap before
{Heap before GC invocations=1352 (full 3):
 PSYoungGen      total 8704K, used 8288K [0x00000000d5580000, 0x00000000d6200000, 0x0000000100000000)
  eden space 6144K, 100% used [0x00000000d5580000,0x00000000d5b80000,0x00000000d5b80000)
  from space 2560K, 83% used [0x00000000d5f80000,0x00000000d6198000,0x00000000d6200000)
  to   space 3072K, 0% used [0x00000000d5c00000,0x00000000d5c00000,0x00000000d5f00000)
 ParOldGen       total 763904K, used 763428K [0x0000000080000000, 0x00000000aea00000, 0x00000000d5580000)
  object space 763904K, 99% used [0x0000000080000000,0x00000000ae989200,0x00000000aea00000)
 Metaspace       used 65720K, committed 67264K, reserved 1114112K
  class space    used 6710K, committed 7360K, reserved 1048576K
}
Event: 42.305 GC heap after
{Heap after GC invocations=1352 (full 3):
 PSYoungGen      total 9216K, used 2687K [0x00000000d5580000, 0x00000000d6180000, 0x0000000100000000)
  eden space 6144K, 0% used [0x00000000d5580000,0x00000000d5580000,0x00000000d5b80000)
  from space 3072K, 87% used [0x00000000d5c00000,0x00000000d5e9ffc0,0x00000000d5f00000)
  to   space 2560K, 0% used [0x00000000d5f00000,0x00000000d5f00000,0x00000000d6180000)
 ParOldGen       total 765952K, used 765465K [0x0000000080000000, 0x00000000aec00000, 0x00000000d5580000)
  object space 765952K, 99% used [0x0000000080000000,0x00000000aeb865c8,0x00000000aec00000)
 Metaspace       used 65720K, committed 67264K, reserved 1114112K
  class space    used 6710K, committed 7360K, reserved 1048576K
}
Event: 42.332 GC heap before
{Heap before GC invocations=1353 (full 3):
 PSYoungGen      total 9216K, used 8831K [0x00000000d5580000, 0x00000000d6180000, 0x0000000100000000)
  eden space 6144K, 100% used [0x00000000d5580000,0x00000000d5b80000,0x00000000d5b80000)
  from space 3072K, 87% used [0x00000000d5c00000,0x00000000d5e9ffc0,0x00000000d5f00000)
  to   space 2560K, 0% used [0x00000000d5f00000,0x00000000d5f00000,0x00000000d6180000)
 ParOldGen       total 765952K, used 765465K [0x0000000080000000, 0x00000000aec00000, 0x00000000d5580000)
  object space 765952K, 99% used [0x0000000080000000,0x00000000aeb865c8,0x00000000aec00000)
 Metaspace       used 65721K, committed 67264K, reserved 1114112K
  class space    used 6710K, committed 7360K, reserved 1048576K
}
Event: 42.339 GC heap after
{Heap after GC invocations=1353 (full 3):
 PSYoungGen      total 8704K, used 2294K [0x00000000d5580000, 0x00000000d6180000, 0x0000000100000000)
  eden space 6144K, 0% used [0x00000000d5580000,0x00000000d5580000,0x00000000d5b80000)
  from space 2560K, 89% used [0x00000000d5f00000,0x00000000d613d810,0x00000000d6180000)
  to   space 2560K, 0% used [0x00000000d5c80000,0x00000000d5c80000,0x00000000d5f00000)
 ParOldGen       total 768000K, used 767762K [0x0000000080000000, 0x00000000aee00000, 0x00000000d5580000)
  object space 768000K, 99% used [0x0000000080000000,0x00000000aedc4bb8,0x00000000aee00000)
 Metaspace       used 65721K, committed 67264K, reserved 1114112K
  class space    used 6710K, committed 7360K, reserved 1048576K
}
Event: 42.370 GC heap before
{Heap before GC invocations=1354 (full 3):
 PSYoungGen      total 8704K, used 8438K [0x00000000d5580000, 0x00000000d6180000, 0x0000000100000000)
  eden space 6144K, 100% used [0x00000000d5580000,0x00000000d5b80000,0x00000000d5b80000)
  from space 2560K, 89% used [0x00000000d5f00000,0x00000000d613d810,0x00000000d6180000)
  to   space 2560K, 0% used [0x00000000d5c80000,0x00000000d5c80000,0x00000000d5f00000)
 ParOldGen       total 768000K, used 767762K [0x0000000080000000, 0x00000000aee00000, 0x00000000d5580000)
  object space 768000K, 99% used [0x0000000080000000,0x00000000aedc4bb8,0x00000000aee00000)
 Metaspace       used 65721K, committed 67264K, reserved 1114112K
  class space    used 6710K, committed 7360K, reserved 1048576K
}
Event: 42.374 GC heap after
{Heap after GC invocations=1354 (full 3):
 PSYoungGen      total 8704K, used 2134K [0x00000000d5580000, 0x00000000d6080000, 0x0000000100000000)
  eden space 6144K, 0% used [0x00000000d5580000,0x00000000d5580000,0x00000000d5b80000)
  from space 2560K, 83% used [0x00000000d5c80000,0x00000000d5e95810,0x00000000d5f00000)
  to   space 1536K, 0% used [0x00000000d5f00000,0x00000000d5f00000,0x00000000d6080000)
 ParOldGen       total 770048K, used 769792K [0x0000000080000000, 0x00000000af000000, 0x00000000d5580000)
  object space 770048K, 99% used [0x0000000080000000,0x00000000aefc01e0,0x00000000af000000)
 Metaspace       used 65721K, committed 67264K, reserved 1114112K
  class space    used 6710K, committed 7360K, reserved 1048576K
}
Event: 42.475 GC heap before
{Heap before GC invocations=1355 (full 3):
 PSYoungGen      total 8704K, used 8278K [0x00000000d5580000, 0x00000000d6080000, 0x0000000100000000)
  eden space 6144K, 100% used [0x00000000d5580000,0x00000000d5b80000,0x00000000d5b80000)
  from space 2560K, 83% used [0x00000000d5c80000,0x00000000d5e95810,0x00000000d5f00000)
  to   space 1536K, 0% used [0x00000000d5f00000,0x00000000d5f00000,0x00000000d6080000)
 ParOldGen       total 770048K, used 769792K [0x0000000080000000, 0x00000000af000000, 0x00000000d5580000)
  object space 770048K, 99% used [0x0000000080000000,0x00000000aefc01e0,0x00000000af000000)
 Metaspace       used 65734K, committed 67264K, reserved 1114112K
  class space    used 6713K, committed 7360K, reserved 1048576K
}
Event: 42.486 GC heap after
{Heap after GC invocations=1355 (full 3):
 PSYoungGen      total 7168K, used 1522K [0x00000000d5580000, 0x00000000d6380000, 0x0000000100000000)
  eden space 5632K, 0% used [0x00000000d5580000,0x00000000d5580000,0x00000000d5b00000)
  from space 1536K, 99% used [0x00000000d5f00000,0x00000000d607c808,0x00000000d6080000)
  to   space 4096K, 0% used [0x00000000d5b00000,0x00000000d5b00000,0x00000000d5f00000)
 ParOldGen       total 772096K, used 771917K [0x0000000080000000, 0x00000000af200000, 0x00000000d5580000)
  object space 772096K, 99% used [0x0000000080000000,0x00000000af1d34d0,0x00000000af200000)
 Metaspace       used 65734K, committed 67264K, reserved 1114112K
  class space    used 6713K, committed 7360K, reserved 1048576K
}
Event: 42.687 GC heap before
{Heap before GC invocations=1356 (full 3):
 PSYoungGen      total 7168K, used 7144K [0x00000000d5580000, 0x00000000d6380000, 0x0000000100000000)
  eden space 5632K, 99% used [0x00000000d5580000,0x00000000d5afd918,0x00000000d5b00000)
  from space 1536K, 99% used [0x00000000d5f00000,0x00000000d607c808,0x00000000d6080000)
  to   space 4096K, 0% used [0x00000000d5b00000,0x00000000d5b00000,0x00000000d5f00000)
 ParOldGen       total 772096K, used 771917K [0x0000000080000000, 0x00000000af200000, 0x00000000d5580000)
  object space 772096K, 99% used [0x0000000080000000,0x00000000af1d34d0,0x00000000af200000)
 Metaspace       used 66482K, committed 67968K, reserved 1114112K
  class space    used 6776K, committed 7424K, reserved 1048576K
}
Event: 42.695 GC heap after
{Heap after GC invocations=1356 (full 3):
 PSYoungGen      total 6144K, used 316K [0x00000000d5580000, 0x00000000d5f80000, 0x0000000100000000)
  eden space 5632K, 0% used [0x00000000d5580000,0x00000000d5580000,0x00000000d5b00000)
  from space 512K, 61% used [0x00000000d5b00000,0x00000000d5b4f320,0x00000000d5b80000)
  to   space 1536K, 0% used [0x00000000d5e00000,0x00000000d5e00000,0x00000000d5f80000)
 ParOldGen       total 773632K, used 773335K [0x0000000080000000, 0x00000000af380000, 0x00000000d5580000)
  object space 773632K, 99% used [0x0000000080000000,0x00000000af335c00,0x00000000af380000)
 Metaspace       used 66482K, committed 67968K, reserved 1114112K
  class space    used 6776K, committed 7424K, reserved 1048576K
}
Event: 43.254 GC heap before
{Heap before GC invocations=1357 (full 3):
 PSYoungGen      total 6144K, used 5948K [0x00000000d5580000, 0x00000000d5f80000, 0x0000000100000000)
  eden space 5632K, 100% used [0x00000000d5580000,0x00000000d5b00000,0x00000000d5b00000)
  from space 512K, 61% used [0x00000000d5b00000,0x00000000d5b4f320,0x00000000d5b80000)
  to   space 1536K, 0% used [0x00000000d5e00000,0x00000000d5e00000,0x00000000d5f80000)
 ParOldGen       total 773632K, used 773335K [0x0000000080000000, 0x00000000af380000, 0x00000000d5580000)
  object space 773632K, 99% used [0x0000000080000000,0x00000000af335c00,0x00000000af380000)
 Metaspace       used 67113K, committed 68608K, reserved 1114112K
  class space    used 6831K, committed 7488K, reserved 1048576K
}
Event: 43.262 GC heap after
{Heap after GC invocations=1357 (full 3):
 PSYoungGen      total 6656K, used 784K [0x00000000d5580000, 0x00000000d5f00000, 0x0000000100000000)
  eden space 5632K, 0% used [0x00000000d5580000,0x00000000d5580000,0x00000000d5b00000)
  from space 1024K, 76% used [0x00000000d5e00000,0x00000000d5ec4030,0x00000000d5f00000)
  to   space 1024K, 0% used [0x00000000d5d00000,0x00000000d5d00000,0x00000000d5e00000)
 ParOldGen       total 773632K, used 773475K [0x0000000080000000, 0x00000000af380000, 0x00000000d5580000)
  object space 773632K, 99% used [0x0000000080000000,0x00000000af358e80,0x00000000af380000)
 Metaspace       used 67113K, committed 68608K, reserved 1114112K
  class space    used 6831K, committed 7488K, reserved 1048576K
}
Event: 43.453 GC heap before
{Heap before GC invocations=1358 (full 3):
 PSYoungGen      total 6656K, used 6075K [0x00000000d5580000, 0x00000000d5f00000, 0x0000000100000000)
  eden space 5632K, 93% used [0x00000000d5580000,0x00000000d5aaacf8,0x00000000d5b00000)
  from space 1024K, 76% used [0x00000000d5e00000,0x00000000d5ec4030,0x00000000d5f00000)
  to   space 1024K, 0% used [0x00000000d5d00000,0x00000000d5d00000,0x00000000d5e00000)
 ParOldGen       total 773632K, used 773475K [0x0000000080000000, 0x00000000af380000, 0x00000000d5580000)
  object space 773632K, 99% used [0x0000000080000000,0x00000000af358e80,0x00000000af380000)
 Metaspace       used 67417K, committed 68992K, reserved 1114112K
  class space    used 6878K, committed 7552K, reserved 1048576K
}
Event: 43.456 GC heap after
{Heap after GC invocations=1358 (full 3):
 PSYoungGen      total 6656K, used 767K [0x00000000d5580000, 0x00000000d5e80000, 0x0000000100000000)
  eden space 5632K, 0% used [0x00000000d5580000,0x00000000d5580000,0x00000000d5b00000)
  from space 1024K, 74% used [0x00000000d5d00000,0x00000000d5dbfc18,0x00000000d5e00000)
  to   space 512K, 0% used [0x00000000d5e00000,0x00000000d5e00000,0x00000000d5e80000)
 ParOldGen       total 774144K, used 774113K [0x0000000080000000, 0x00000000af400000, 0x00000000d5580000)
  object space 774144K, 99% used [0x0000000080000000,0x00000000af3f8560,0x00000000af400000)
 Metaspace       used 67417K, committed 68992K, reserved 1114112K
  class space    used 6878K, committed 7552K, reserved 1048576K
}
Event: 43.546 GC heap before
{Heap before GC invocations=1359 (full 3):
 PSYoungGen      total 6656K, used 6399K [0x00000000d5580000, 0x00000000d5e80000, 0x0000000100000000)
  eden space 5632K, 100% used [0x00000000d5580000,0x00000000d5b00000,0x00000000d5b00000)
  from space 1024K, 74% used [0x00000000d5d00000,0x00000000d5dbfc18,0x00000000d5e00000)
  to   space 512K, 0% used [0x00000000d5e00000,0x00000000d5e00000,0x00000000d5e80000)
 ParOldGen       total 774144K, used 774113K [0x0000000080000000, 0x00000000af400000, 0x00000000d5580000)
  object space 774144K, 99% used [0x0000000080000000,0x00000000af3f8560,0x00000000af400000)
 Metaspace       used 67517K, committed 69184K, reserved 1114112K
  class space    used 6889K, committed 7552K, reserved 1048576K
}
Event: 43.548 GC heap after
{Heap after GC invocations=1359 (full 3):
 PSYoungGen      total 6144K, used 500K [0x00000000d5580000, 0x00000000d5e80000, 0x0000000100000000)
  eden space 5632K, 0% used [0x00000000d5580000,0x00000000d5580000,0x00000000d5b00000)
  from space 512K, 97% used [0x00000000d5e00000,0x00000000d5e7d0d8,0x00000000d5e80000)
  to   space 1536K, 0% used [0x00000000d5b80000,0x00000000d5b80000,0x00000000d5d00000)
 ParOldGen       total 775168K, used 774979K [0x0000000080000000, 0x00000000af500000, 0x00000000d5580000)
  object space 775168K, 99% used [0x0000000080000000,0x00000000af4d0fd0,0x00000000af500000)
 Metaspace       used 67517K, committed 69184K, reserved 1114112K
  class space    used 6889K, committed 7552K, reserved 1048576K
}
Event: 43.609 GC heap before
{Heap before GC invocations=1360 (full 3):
 PSYoungGen      total 6144K, used 6132K [0x00000000d5580000, 0x00000000d5e80000, 0x0000000100000000)
  eden space 5632K, 100% used [0x00000000d5580000,0x00000000d5b00000,0x00000000d5b00000)
  from space 512K, 97% used [0x00000000d5e00000,0x00000000d5e7d0d8,0x00000000d5e80000)
  to   space 1536K, 0% used [0x00000000d5b80000,0x00000000d5b80000,0x00000000d5d00000)
 ParOldGen       total 775168K, used 774979K [0x0000000080000000, 0x00000000af500000, 0x00000000d5580000)
  object space 775168K, 99% used [0x0000000080000000,0x00000000af4d0fd0,0x00000000af500000)
 Metaspace       used 67537K, committed 69184K, reserved 1114112K
  class space    used 6889K, committed 7552K, reserved 1048576K
}
Event: 43.612 GC heap after
{Heap after GC invocations=1360 (full 3):
 PSYoungGen      total 7168K, used 320K [0x00000000d5580000, 0x00000000d5e80000, 0x0000000100000000)
  eden space 5632K, 0% used [0x00000000d5580000,0x00000000d5580000,0x00000000d5b00000)
  from space 1536K, 20% used [0x00000000d5b80000,0x00000000d5bd0000,0x00000000d5d00000)
  to   space 1024K, 0% used [0x00000000d5d80000,0x00000000d5d80000,0x00000000d5e80000)
 ParOldGen       total 775680K, used 775460K [0x0000000080000000, 0x00000000af580000, 0x00000000d5580000)
  object space 775680K, 99% used [0x0000000080000000,0x00000000af549160,0x00000000af580000)
 Metaspace       used 67537K, committed 69184K, reserved 1114112K
  class space    used 6889K, committed 7552K, reserved 1048576K
}
Event: 43.655 GC heap before
{Heap before GC invocations=1361 (full 3):
 PSYoungGen      total 7168K, used 5952K [0x00000000d5580000, 0x00000000d5e80000, 0x0000000100000000)
  eden space 5632K, 100% used [0x00000000d5580000,0x00000000d5b00000,0x00000000d5b00000)
  from space 1536K, 20% used [0x00000000d5b80000,0x00000000d5bd0000,0x00000000d5d00000)
  to   space 1024K, 0% used [0x00000000d5d80000,0x00000000d5d80000,0x00000000d5e80000)
 ParOldGen       total 775680K, used 775460K [0x0000000080000000, 0x00000000af580000, 0x00000000d5580000)
  object space 775680K, 99% used [0x0000000080000000,0x00000000af549160,0x00000000af580000)
 Metaspace       used 67566K, committed 69184K, reserved 1114112K
  class space    used 6891K, committed 7552K, reserved 1048576K
}
Event: 43.658 GC heap after
{Heap after GC invocations=1361 (full 3):
 PSYoungGen      total 6144K, used 416K [0x00000000d5580000, 0x00000000d5e00000, 0x0000000100000000)
  eden space 5632K, 0% used [0x00000000d5580000,0x00000000d5580000,0x00000000d5b00000)
  from space 512K, 81% used [0x00000000d5d80000,0x00000000d5de8020,0x00000000d5e00000)
  to   space 512K, 0% used [0x00000000d5d00000,0x00000000d5d00000,0x00000000d5d80000)
 ParOldGen       total 775680K, used 775660K [0x0000000080000000, 0x00000000af580000, 0x00000000d5580000)
  object space 775680K, 99% used [0x0000000080000000,0x00000000af57b160,0x00000000af580000)
 Metaspace       used 67566K, committed 69184K, reserved 1114112K
  class space    used 6891K, committed 7552K, reserved 1048576K
}

