# JRE version: OpenJDK Runtime Environment Temurin-21.0.7+6 (21.0.7+6) (build 21.0.7+6-LTS)
# Java VM: OpenJDK 64-Bit Server VM Temurin-21.0.7+6 (21.0.7+6-LTS, mixed mode, sharing, tiered, compressed oops, compressed class ptrs, parallel gc, windows-amd64)
GC Precious Log:
 CardTable entry size: 512
 CPUs: 8 total, 8 available
 Memory: 7932M
 Large Page Support: Disabled
 NUMA Support: Disabled
 Compressed Oops: Enabled (32-bit)
 Alignments: Space 512K, Generation 512K, Heap 2M
 Heap Min Capacity: 100M
 Heap Initial Capacity: 100M
 Heap Max Capacity: 2G
 Pre-touch: Disabled
 Parallel Workers: 8
Heap:
 PSYoungGen      total 17408K, used 12613K [0x00000000d5580000, 0x00000000d6900000, 0x0000000100000000)
  eden space 15872K, 70% used [0x00000000d5580000,0x00000000d605a4f8,0x00000000d6500000)
  from space 1536K, 97% used [0x00000000d6500000,0x00000000d6677290,0x00000000d6680000)
  to   space 2048K, 0% used [0x00000000d6700000,0x00000000d6700000,0x00000000d6900000)
 ParOldGen       total 94208K, used 94150K [0x0000000080000000, 0x0000000085c00000, 0x00000000d5580000)
  object space 94208K, 99% used [0x0000000080000000,0x0000000085bf1ba0,0x0000000085c00000)
 Metaspace       used 61354K, committed 62656K, reserved 1114112K
  class space    used 6504K, committed 7104K, reserved 1048576K
GC Heap History (20 events):
Event: 14.218 GC heap before
{Heap before GC invocations=48 (full 3):
 PSYoungGen      total 17408K, used 1248K [0x00000000d5580000, 0x00000000d6b80000, 0x0000000100000000)
  eden space 15872K, 0% used [0x00000000d5580000,0x00000000d5580000,0x00000000d6500000)
  from space 1536K, 81% used [0x00000000d6680000,0x00000000d67b8000,0x00000000d6800000)
  to   space 2560K, 0% used [0x00000000d6900000,0x00000000d6900000,0x00000000d6b80000)
 ParOldGen       total 83456K, used 83032K [0x0000000080000000, 0x0000000085180000, 0x00000000d5580000)
  object space 83456K, 99% used [0x0000000080000000,0x0000000085116218,0x0000000085180000)
 Metaspace       used 58461K, committed 59776K, reserved 1114112K
  class space    used 6261K, committed 6848K, reserved 1048576K
}
Event: 14.366 GC heap after
{Heap after GC invocations=48 (full 3):
 PSYoungGen      total 17408K, used 0K [0x00000000d5580000, 0x00000000d6b80000, 0x0000000100000000)
  eden space 15872K, 0% used [0x00000000d5580000,0x00000000d5580000,0x00000000d6500000)
  from space 1536K, 0% used [0x00000000d6680000,0x00000000d6680000,0x00000000d6800000)
  to   space 2560K, 0% used [0x00000000d6900000,0x00000000d6900000,0x00000000d6b80000)
 ParOldGen       total 83456K, used 74291K [0x0000000080000000, 0x0000000085180000, 0x00000000d5580000)
  object space 83456K, 89% used [0x0000000080000000,0x000000008488cc38,0x0000000085180000)
 Metaspace       used 58447K, committed 59776K, reserved 1114112K
  class space    used 6259K, committed 6848K, reserved 1048576K
}
Event: 14.477 GC heap before
{Heap before GC invocations=49 (full 3):
 PSYoungGen      total 17408K, used 15872K [0x00000000d5580000, 0x00000000d6b80000, 0x0000000100000000)
  eden space 15872K, 100% used [0x00000000d5580000,0x00000000d6500000,0x00000000d6500000)
  from space 1536K, 0% used [0x00000000d6680000,0x00000000d6680000,0x00000000d6800000)
  to   space 2560K, 0% used [0x00000000d6900000,0x00000000d6900000,0x00000000d6b80000)
 ParOldGen       total 83456K, used 74291K [0x0000000080000000, 0x0000000085180000, 0x00000000d5580000)
  object space 83456K, 89% used [0x0000000080000000,0x000000008488cc38,0x0000000085180000)
 Metaspace       used 58916K, committed 60288K, reserved 1114112K
  class space    used 6293K, committed 6912K, reserved 1048576K
}
Event: 14.479 GC heap after
{Heap after GC invocations=49 (full 3):
 PSYoungGen      total 18432K, used 2549K [0x00000000d5580000, 0x00000000d6c00000, 0x0000000100000000)
  eden space 15872K, 0% used [0x00000000d5580000,0x00000000d5580000,0x00000000d6500000)
  from space 2560K, 99% used [0x00000000d6900000,0x00000000d6b7d460,0x00000000d6b80000)
  to   space 3584K, 0% used [0x00000000d6500000,0x00000000d6500000,0x00000000d6880000)
 ParOldGen       total 83456K, used 74659K [0x0000000080000000, 0x0000000085180000, 0x00000000d5580000)
  object space 83456K, 89% used [0x0000000080000000,0x00000000848e8c38,0x0000000085180000)
 Metaspace       used 58916K, committed 60288K, reserved 1114112K
  class space    used 6293K, committed 6912K, reserved 1048576K
}
Event: 14.553 GC heap before
{Heap before GC invocations=50 (full 3):
 PSYoungGen      total 18432K, used 18421K [0x00000000d5580000, 0x00000000d6c00000, 0x0000000100000000)
  eden space 15872K, 100% used [0x00000000d5580000,0x00000000d6500000,0x00000000d6500000)
  from space 2560K, 99% used [0x00000000d6900000,0x00000000d6b7d460,0x00000000d6b80000)
  to   space 3584K, 0% used [0x00000000d6500000,0x00000000d6500000,0x00000000d6880000)
 ParOldGen       total 83456K, used 74659K [0x0000000080000000, 0x0000000085180000, 0x00000000d5580000)
  object space 83456K, 89% used [0x0000000080000000,0x00000000848e8c38,0x0000000085180000)
 Metaspace       used 59248K, committed 60544K, reserved 1114112K
  class space    used 6317K, committed 6912K, reserved 1048576K
}
Event: 14.556 GC heap after
{Heap after GC invocations=50 (full 3):
 PSYoungGen      total 18432K, used 2326K [0x00000000d5580000, 0x00000000d6a00000, 0x0000000100000000)
  eden space 15872K, 0% used [0x00000000d5580000,0x00000000d5580000,0x00000000d6500000)
  from space 2560K, 90% used [0x00000000d6500000,0x00000000d6745ab0,0x00000000d6780000)
  to   space 2560K, 0% used [0x00000000d6780000,0x00000000d6780000,0x00000000d6a00000)
 ParOldGen       total 83456K, used 77155K [0x0000000080000000, 0x0000000085180000, 0x00000000d5580000)
  object space 83456K, 92% used [0x0000000080000000,0x0000000084b58f88,0x0000000085180000)
 Metaspace       used 59248K, committed 60544K, reserved 1114112K
  class space    used 6317K, committed 6912K, reserved 1048576K
}
Event: 14.651 GC heap before
{Heap before GC invocations=51 (full 3):
 PSYoungGen      total 18432K, used 18198K [0x00000000d5580000, 0x00000000d6a00000, 0x0000000100000000)
  eden space 15872K, 100% used [0x00000000d5580000,0x00000000d6500000,0x00000000d6500000)
  from space 2560K, 90% used [0x00000000d6500000,0x00000000d6745ab0,0x00000000d6780000)
  to   space 2560K, 0% used [0x00000000d6780000,0x00000000d6780000,0x00000000d6a00000)
 ParOldGen       total 83456K, used 77155K [0x0000000080000000, 0x0000000085180000, 0x00000000d5580000)
  object space 83456K, 92% used [0x0000000080000000,0x0000000084b58f88,0x0000000085180000)
 Metaspace       used 59431K, committed 60800K, reserved 1114112K
  class space    used 6330K, committed 6976K, reserved 1048576K
}
Event: 14.654 GC heap after
{Heap after GC invocations=51 (full 3):
 PSYoungGen      total 18432K, used 2463K [0x00000000d5580000, 0x00000000d6a00000, 0x0000000100000000)
  eden space 15872K, 0% used [0x00000000d5580000,0x00000000d5580000,0x00000000d6500000)
  from space 2560K, 96% used [0x00000000d6780000,0x00000000d69e7e50,0x00000000d6a00000)
  to   space 2560K, 0% used [0x00000000d6500000,0x00000000d6500000,0x00000000d6780000)
 ParOldGen       total 83456K, used 79323K [0x0000000080000000, 0x0000000085180000, 0x00000000d5580000)
  object space 83456K, 95% used [0x0000000080000000,0x0000000084d76d88,0x0000000085180000)
 Metaspace       used 59431K, committed 60800K, reserved 1114112K
  class space    used 6330K, committed 6976K, reserved 1048576K
}
Event: 14.765 GC heap before
{Heap before GC invocations=52 (full 3):
 PSYoungGen      total 18432K, used 18335K [0x00000000d5580000, 0x00000000d6a00000, 0x0000000100000000)
  eden space 15872K, 100% used [0x00000000d5580000,0x00000000d6500000,0x00000000d6500000)
  from space 2560K, 96% used [0x00000000d6780000,0x00000000d69e7e50,0x00000000d6a00000)
  to   space 2560K, 0% used [0x00000000d6500000,0x00000000d6500000,0x00000000d6780000)
 ParOldGen       total 83456K, used 79323K [0x0000000080000000, 0x0000000085180000, 0x00000000d5580000)
  object space 83456K, 95% used [0x0000000080000000,0x0000000084d76d88,0x0000000085180000)
 Metaspace       used 59770K, committed 61184K, reserved 1114112K
  class space    used 6364K, committed 6976K, reserved 1048576K
}
Event: 14.771 GC heap after
{Heap after GC invocations=52 (full 3):
 PSYoungGen      total 18432K, used 2515K [0x00000000d5580000, 0x00000000d6a00000, 0x0000000100000000)
  eden space 15872K, 0% used [0x00000000d5580000,0x00000000d5580000,0x00000000d6500000)
  from space 2560K, 98% used [0x00000000d6500000,0x00000000d6774c38,0x00000000d6780000)
  to   space 2560K, 0% used [0x00000000d6780000,0x00000000d6780000,0x00000000d6a00000)
 ParOldGen       total 83456K, used 81639K [0x0000000080000000, 0x0000000085180000, 0x00000000d5580000)
  object space 83456K, 97% used [0x0000000080000000,0x0000000084fb9f20,0x0000000085180000)
 Metaspace       used 59770K, committed 61184K, reserved 1114112K
  class space    used 6364K, committed 6976K, reserved 1048576K
}
Event: 14.892 GC heap before
{Heap before GC invocations=53 (full 3):
 PSYoungGen      total 18432K, used 18387K [0x00000000d5580000, 0x00000000d6a00000, 0x0000000100000000)
  eden space 15872K, 100% used [0x00000000d5580000,0x00000000d6500000,0x00000000d6500000)
  from space 2560K, 98% used [0x00000000d6500000,0x00000000d6774c38,0x00000000d6780000)
  to   space 2560K, 0% used [0x00000000d6780000,0x00000000d6780000,0x00000000d6a00000)
 ParOldGen       total 83456K, used 81639K [0x0000000080000000, 0x0000000085180000, 0x00000000d5580000)
  object space 83456K, 97% used [0x0000000080000000,0x0000000084fb9f20,0x0000000085180000)
 Metaspace       used 59946K, committed 61376K, reserved 1114112K
  class space    used 6376K, committed 7040K, reserved 1048576K
}
Event: 14.897 GC heap after
{Heap after GC invocations=53 (full 3):
 PSYoungGen      total 18432K, used 2516K [0x00000000d5580000, 0x00000000d6a00000, 0x0000000100000000)
  eden space 15872K, 0% used [0x00000000d5580000,0x00000000d5580000,0x00000000d6500000)
  from space 2560K, 98% used [0x00000000d6780000,0x00000000d69f5340,0x00000000d6a00000)
  to   space 2560K, 0% used [0x00000000d6500000,0x00000000d6500000,0x00000000d6780000)
 ParOldGen       total 84480K, used 83973K [0x0000000080000000, 0x0000000085280000, 0x00000000d5580000)
  object space 84480K, 99% used [0x0000000080000000,0x0000000085201760,0x0000000085280000)
 Metaspace       used 59946K, committed 61376K, reserved 1114112K
  class space    used 6376K, committed 7040K, reserved 1048576K
}
Event: 15.044 GC heap before
{Heap before GC invocations=54 (full 3):
 PSYoungGen      total 18432K, used 18388K [0x00000000d5580000, 0x00000000d6a00000, 0x0000000100000000)
  eden space 15872K, 100% used [0x00000000d5580000,0x00000000d6500000,0x00000000d6500000)
  from space 2560K, 98% used [0x00000000d6780000,0x00000000d69f5340,0x00000000d6a00000)
  to   space 2560K, 0% used [0x00000000d6500000,0x00000000d6500000,0x00000000d6780000)
 ParOldGen       total 84480K, used 83973K [0x0000000080000000, 0x0000000085280000, 0x00000000d5580000)
  object space 84480K, 99% used [0x0000000080000000,0x0000000085201760,0x0000000085280000)
 Metaspace       used 60176K, committed 61568K, reserved 1114112K
  class space    used 6393K, committed 7040K, reserved 1048576K
}
Event: 15.047 GC heap after
{Heap after GC invocations=54 (full 3):
 PSYoungGen      total 18432K, used 2164K [0x00000000d5580000, 0x00000000d6a00000, 0x0000000100000000)
  eden space 15872K, 0% used [0x00000000d5580000,0x00000000d5580000,0x00000000d6500000)
  from space 2560K, 84% used [0x00000000d6500000,0x00000000d671d030,0x00000000d6780000)
  to   space 2560K, 0% used [0x00000000d6780000,0x00000000d6780000,0x00000000d6a00000)
 ParOldGen       total 86528K, used 86324K [0x0000000080000000, 0x0000000085480000, 0x00000000d5580000)
  object space 86528K, 99% used [0x0000000080000000,0x000000008544d188,0x0000000085480000)
 Metaspace       used 60176K, committed 61568K, reserved 1114112K
  class space    used 6393K, committed 7040K, reserved 1048576K
}
Event: 15.169 GC heap before
{Heap before GC invocations=55 (full 3):
 PSYoungGen      total 18432K, used 18036K [0x00000000d5580000, 0x00000000d6a00000, 0x0000000100000000)
  eden space 15872K, 100% used [0x00000000d5580000,0x00000000d6500000,0x00000000d6500000)
  from space 2560K, 84% used [0x00000000d6500000,0x00000000d671d030,0x00000000d6780000)
  to   space 2560K, 0% used [0x00000000d6780000,0x00000000d6780000,0x00000000d6a00000)
 ParOldGen       total 86528K, used 86329K [0x0000000080000000, 0x0000000085480000, 0x00000000d5580000)
  object space 86528K, 99% used [0x0000000080000000,0x000000008544e638,0x0000000085480000)
 Metaspace       used 60418K, committed 61760K, reserved 1114112K
  class space    used 6413K, committed 7040K, reserved 1048576K
}
Event: 15.173 GC heap after
{Heap after GC invocations=55 (full 3):
 PSYoungGen      total 18432K, used 2498K [0x00000000d5580000, 0x00000000d6a00000, 0x0000000100000000)
  eden space 15872K, 0% used [0x00000000d5580000,0x00000000d5580000,0x00000000d6500000)
  from space 2560K, 97% used [0x00000000d6780000,0x00000000d69f0888,0x00000000d6a00000)
  to   space 2560K, 0% used [0x00000000d6500000,0x00000000d6500000,0x00000000d6780000)
 ParOldGen       total 88576K, used 88260K [0x0000000080000000, 0x0000000085680000, 0x00000000d5580000)
  object space 88576K, 99% used [0x0000000080000000,0x0000000085631120,0x0000000085680000)
 Metaspace       used 60418K, committed 61760K, reserved 1114112K
  class space    used 6413K, committed 7040K, reserved 1048576K
}
Event: 15.629 GC heap before
{Heap before GC invocations=56 (full 3):
 PSYoungGen      total 18432K, used 18370K [0x00000000d5580000, 0x00000000d6a00000, 0x0000000100000000)
  eden space 15872K, 100% used [0x00000000d5580000,0x00000000d6500000,0x00000000d6500000)
  from space 2560K, 97% used [0x00000000d6780000,0x00000000d69f0888,0x00000000d6a00000)
  to   space 2560K, 0% used [0x00000000d6500000,0x00000000d6500000,0x00000000d6780000)
 ParOldGen       total 89088K, used 88704K [0x0000000080000000, 0x0000000085700000, 0x00000000d5580000)
  object space 89088K, 99% used [0x0000000080000000,0x00000000856a0338,0x0000000085700000)
 Metaspace       used 61104K, committed 62400K, reserved 1114112K
  class space    used 6495K, committed 7104K, reserved 1048576K
}
Event: 15.635 GC heap after
{Heap after GC invocations=56 (full 3):
 PSYoungGen      total 18432K, used 2051K [0x00000000d5580000, 0x00000000d6a00000, 0x0000000100000000)
  eden space 15872K, 0% used [0x00000000d5580000,0x00000000d5580000,0x00000000d6500000)
  from space 2560K, 80% used [0x00000000d6500000,0x00000000d6700d28,0x00000000d6780000)
  to   space 2560K, 0% used [0x00000000d6780000,0x00000000d6780000,0x00000000d6a00000)
 ParOldGen       total 91136K, used 91022K [0x0000000080000000, 0x0000000085900000, 0x00000000d5580000)
  object space 91136K, 99% used [0x0000000080000000,0x00000000858e3b58,0x0000000085900000)
 Metaspace       used 61104K, committed 62400K, reserved 1114112K
  class space    used 6495K, committed 7104K, reserved 1048576K
}
Event: 15.699 GC heap before
{Heap before GC invocations=57 (full 3):
 PSYoungGen      total 18432K, used 17923K [0x00000000d5580000, 0x00000000d6a00000, 0x0000000100000000)
  eden space 15872K, 100% used [0x00000000d5580000,0x00000000d6500000,0x00000000d6500000)
  from space 2560K, 80% used [0x00000000d6500000,0x00000000d6700d28,0x00000000d6780000)
  to   space 2560K, 0% used [0x00000000d6780000,0x00000000d6780000,0x00000000d6a00000)
 ParOldGen       total 91136K, used 91026K [0x0000000080000000, 0x0000000085900000, 0x00000000d5580000)
  object space 91136K, 99% used [0x0000000080000000,0x00000000858e4898,0x0000000085900000)
 Metaspace       used 61126K, committed 62464K, reserved 1114112K
  class space    used 6495K, committed 7104K, reserved 1048576K
}
Event: 15.702 GC heap after
{Heap after GC invocations=57 (full 3):
 PSYoungGen      total 18432K, used 2228K [0x00000000d5580000, 0x00000000d6a00000, 0x0000000100000000)
  eden space 15872K, 0% used [0x00000000d5580000,0x00000000d5580000,0x00000000d6500000)
  from space 2560K, 87% used [0x00000000d6780000,0x00000000d69ad2a8,0x00000000d6a00000)
  to   space 2560K, 0% used [0x00000000d6500000,0x00000000d6500000,0x00000000d6780000)
 ParOldGen       total 93184K, used 92889K [0x0000000080000000, 0x0000000085b00000, 0x00000000d5580000)
  object space 93184K, 99% used [0x0000000080000000,0x0000000085ab6570,0x0000000085b00000)
 Metaspace       used 61126K, committed 62464K, reserved 1114112K
  class space    used 6495K, committed 7104K, reserved 1048576K
}

