# JRE version: OpenJDK Runtime Environment Temurin-21.0.7+6 (21.0.7+6) (build 21.0.7+6-LTS)
# Java VM: OpenJDK 64-Bit Server VM Temurin-21.0.7+6 (21.0.7+6-LTS, mixed mode, sharing, tiered, compressed oops, compressed class ptrs, parallel gc, windows-amd64)
GC Precious Log:
 CardTable entry size: 512
 CPUs: 8 total, 8 available
 Memory: 7932M
 Large Page Support: Disabled
 NUMA Support: Disabled
 Compressed Oops: Enabled (32-bit)
 Alignments: Space 512K, Generation 512K, Heap 2M
 Heap Min Capacity: 100M
 Heap Initial Capacity: 100M
 Heap Max Capacity: 2G
 Pre-touch: Disabled
 Parallel Workers: 8
Heap:
 PSYoungGen      total 23552K, used 23232K [0x00000000d5580000, 0x00000000d7080000, 0x0000000100000000)
  eden space 22016K, 100% used [0x00000000d5580000,0x00000000d6b00000,0x00000000d6b00000)
  from space 1536K, 79% used [0x00000000d6d80000,0x00000000d6eb0000,0x00000000d6f00000)
  to   space 1536K, 0% used [0x00000000d6f00000,0x00000000d6f00000,0x00000000d7080000)
 ParOldGen       total 68608K, used 22871K [0x0000000080000000, 0x0000000084300000, 0x00000000d5580000)
  object space 68608K, 33% used [0x0000000080000000,0x0000000081655d10,0x0000000084300000)
 Metaspace       used 43668K, committed 44864K, reserved 1114112K
  class space    used 4568K, committed 5120K, reserved 1048576K
GC Heap History (20 events):
Event: 6.104 GC heap before
{Heap before GC invocations=10 (full 1):
 PSYoungGen      total 27136K, used 26789K [0x00000000d5580000, 0x00000000d7600000, 0x0000000100000000)
  eden space 24064K, 100% used [0x00000000d5580000,0x00000000d6d00000,0x00000000d6d00000)
  from space 3072K, 88% used [0x00000000d7300000,0x00000000d75a9760,0x00000000d7600000)
  to   space 3584K, 0% used [0x00000000d6f00000,0x00000000d6f00000,0x00000000d7280000)
 ParOldGen       total 68608K, used 12774K [0x0000000080000000, 0x0000000084300000, 0x00000000d5580000)
  object space 68608K, 18% used [0x0000000080000000,0x0000000080c79a38,0x0000000084300000)
 Metaspace       used 25912K, committed 26880K, reserved 1114112K
  class space    used 2539K, committed 2944K, reserved 1048576K
}
Event: 6.106 GC heap after
{Heap after GC invocations=10 (full 1):
 PSYoungGen      total 27136K, used 3413K [0x00000000d5580000, 0x00000000d7380000, 0x0000000100000000)
  eden space 23552K, 0% used [0x00000000d5580000,0x00000000d5580000,0x00000000d6c80000)
  from space 3584K, 95% used [0x00000000d6f00000,0x00000000d7255500,0x00000000d7280000)
  to   space 1024K, 0% used [0x00000000d7280000,0x00000000d7280000,0x00000000d7380000)
 ParOldGen       total 68608K, used 12782K [0x0000000080000000, 0x0000000084300000, 0x00000000d5580000)
  object space 68608K, 18% used [0x0000000080000000,0x0000000080c7ba38,0x0000000084300000)
 Metaspace       used 25912K, committed 26880K, reserved 1114112K
  class space    used 2539K, committed 2944K, reserved 1048576K
}
Event: 6.477 GC heap before
{Heap before GC invocations=11 (full 1):
 PSYoungGen      total 27136K, used 26965K [0x00000000d5580000, 0x00000000d7380000, 0x0000000100000000)
  eden space 23552K, 100% used [0x00000000d5580000,0x00000000d6c80000,0x00000000d6c80000)
  from space 3584K, 95% used [0x00000000d6f00000,0x00000000d7255500,0x00000000d7280000)
  to   space 1024K, 0% used [0x00000000d7280000,0x00000000d7280000,0x00000000d7380000)
 ParOldGen       total 68608K, used 12782K [0x0000000080000000, 0x0000000084300000, 0x00000000d5580000)
  object space 68608K, 18% used [0x0000000080000000,0x0000000080c7ba38,0x0000000084300000)
 Metaspace       used 27687K, committed 28672K, reserved 1114112K
  class space    used 2670K, committed 3072K, reserved 1048576K
}
Event: 6.480 GC heap after
{Heap after GC invocations=11 (full 1):
 PSYoungGen      total 24064K, used 686K [0x00000000d5580000, 0x00000000d7380000, 0x0000000100000000)
  eden space 23040K, 0% used [0x00000000d5580000,0x00000000d5580000,0x00000000d6c00000)
  from space 1024K, 67% used [0x00000000d7280000,0x00000000d732b890,0x00000000d7380000)
  to   space 2048K, 0% used [0x00000000d6f80000,0x00000000d6f80000,0x00000000d7180000)
 ParOldGen       total 68608K, used 15246K [0x0000000080000000, 0x0000000084300000, 0x00000000d5580000)
  object space 68608K, 22% used [0x0000000080000000,0x0000000080ee3bc0,0x0000000084300000)
 Metaspace       used 27687K, committed 28672K, reserved 1114112K
  class space    used 2670K, committed 3072K, reserved 1048576K
}
Event: 6.718 GC heap before
{Heap before GC invocations=12 (full 1):
 PSYoungGen      total 24064K, used 23704K [0x00000000d5580000, 0x00000000d7380000, 0x0000000100000000)
  eden space 23040K, 99% used [0x00000000d5580000,0x00000000d6bfaa50,0x00000000d6c00000)
  from space 1024K, 67% used [0x00000000d7280000,0x00000000d732b890,0x00000000d7380000)
  to   space 2048K, 0% used [0x00000000d6f80000,0x00000000d6f80000,0x00000000d7180000)
 ParOldGen       total 68608K, used 15246K [0x0000000080000000, 0x0000000084300000, 0x00000000d5580000)
  object space 68608K, 22% used [0x0000000080000000,0x0000000080ee3bc0,0x0000000084300000)
 Metaspace       used 30955K, committed 31936K, reserved 1114112K
  class space    used 3063K, committed 3456K, reserved 1048576K
}
Event: 6.721 GC heap after
{Heap after GC invocations=12 (full 1):
 PSYoungGen      total 24064K, used 1461K [0x00000000d5580000, 0x00000000d7300000, 0x0000000100000000)
  eden space 22528K, 0% used [0x00000000d5580000,0x00000000d5580000,0x00000000d6b80000)
  from space 1536K, 95% used [0x00000000d6f80000,0x00000000d70ed7c0,0x00000000d7100000)
  to   space 2048K, 0% used [0x00000000d7100000,0x00000000d7100000,0x00000000d7300000)
 ParOldGen       total 68608K, used 15775K [0x0000000080000000, 0x0000000084300000, 0x00000000d5580000)
  object space 68608K, 22% used [0x0000000080000000,0x0000000080f67ca8,0x0000000084300000)
 Metaspace       used 30955K, committed 31936K, reserved 1114112K
  class space    used 3063K, committed 3456K, reserved 1048576K
}
Event: 6.952 GC heap before
{Heap before GC invocations=13 (full 1):
 PSYoungGen      total 24064K, used 23989K [0x00000000d5580000, 0x00000000d7300000, 0x0000000100000000)
  eden space 22528K, 100% used [0x00000000d5580000,0x00000000d6b80000,0x00000000d6b80000)
  from space 1536K, 95% used [0x00000000d6f80000,0x00000000d70ed7c0,0x00000000d7100000)
  to   space 2048K, 0% used [0x00000000d7100000,0x00000000d7100000,0x00000000d7300000)
 ParOldGen       total 68608K, used 15775K [0x0000000080000000, 0x0000000084300000, 0x00000000d5580000)
  object space 68608K, 22% used [0x0000000080000000,0x0000000080f67ca8,0x0000000084300000)
 Metaspace       used 33311K, committed 34304K, reserved 1114112K
  class space    used 3354K, committed 3776K, reserved 1048576K
}
Event: 6.956 GC heap after
{Heap after GC invocations=13 (full 1):
 PSYoungGen      total 23552K, used 1325K [0x00000000d5580000, 0x00000000d7280000, 0x0000000100000000)
  eden space 22016K, 0% used [0x00000000d5580000,0x00000000d5580000,0x00000000d6b00000)
  from space 1536K, 86% used [0x00000000d7100000,0x00000000d724b670,0x00000000d7280000)
  to   space 1536K, 0% used [0x00000000d6f80000,0x00000000d6f80000,0x00000000d7100000)
 ParOldGen       total 68608K, used 16900K [0x0000000080000000, 0x0000000084300000, 0x00000000d5580000)
  object space 68608K, 24% used [0x0000000080000000,0x0000000081081220,0x0000000084300000)
 Metaspace       used 33311K, committed 34304K, reserved 1114112K
  class space    used 3354K, committed 3776K, reserved 1048576K
}
Event: 7.103 GC heap before
{Heap before GC invocations=14 (full 1):
 PSYoungGen      total 23552K, used 17013K [0x00000000d5580000, 0x00000000d7280000, 0x0000000100000000)
  eden space 22016K, 71% used [0x00000000d5580000,0x00000000d64d1f88,0x00000000d6b00000)
  from space 1536K, 86% used [0x00000000d7100000,0x00000000d724b670,0x00000000d7280000)
  to   space 1536K, 0% used [0x00000000d6f80000,0x00000000d6f80000,0x00000000d7100000)
 ParOldGen       total 68608K, used 16900K [0x0000000080000000, 0x0000000084300000, 0x00000000d5580000)
  object space 68608K, 24% used [0x0000000080000000,0x0000000081081220,0x0000000084300000)
 Metaspace       used 34729K, committed 35840K, reserved 1114112K
  class space    used 3525K, committed 4032K, reserved 1048576K
}
Event: 7.107 GC heap after
{Heap after GC invocations=14 (full 1):
 PSYoungGen      total 23552K, used 1534K [0x00000000d5580000, 0x00000000d7180000, 0x0000000100000000)
  eden space 22016K, 0% used [0x00000000d5580000,0x00000000d5580000,0x00000000d6b00000)
  from space 1536K, 99% used [0x00000000d6f80000,0x00000000d70ffa38,0x00000000d7100000)
  to   space 512K, 0% used [0x00000000d7100000,0x00000000d7100000,0x00000000d7180000)
 ParOldGen       total 68608K, used 17873K [0x0000000080000000, 0x0000000084300000, 0x00000000d5580000)
  object space 68608K, 26% used [0x0000000080000000,0x00000000811747c0,0x0000000084300000)
 Metaspace       used 34729K, committed 35840K, reserved 1114112K
  class space    used 3525K, committed 4032K, reserved 1048576K
}
Event: 7.107 GC heap before
{Heap before GC invocations=15 (full 2):
 PSYoungGen      total 23552K, used 1534K [0x00000000d5580000, 0x00000000d7180000, 0x0000000100000000)
  eden space 22016K, 0% used [0x00000000d5580000,0x00000000d5580000,0x00000000d6b00000)
  from space 1536K, 99% used [0x00000000d6f80000,0x00000000d70ffa38,0x00000000d7100000)
  to   space 512K, 0% used [0x00000000d7100000,0x00000000d7100000,0x00000000d7180000)
 ParOldGen       total 68608K, used 17873K [0x0000000080000000, 0x0000000084300000, 0x00000000d5580000)
  object space 68608K, 26% used [0x0000000080000000,0x00000000811747c0,0x0000000084300000)
 Metaspace       used 34729K, committed 35840K, reserved 1114112K
  class space    used 3525K, committed 4032K, reserved 1048576K
}
Event: 7.159 GC heap after
{Heap after GC invocations=15 (full 2):
 PSYoungGen      total 23552K, used 0K [0x00000000d5580000, 0x00000000d7180000, 0x0000000100000000)
  eden space 22016K, 0% used [0x00000000d5580000,0x00000000d5580000,0x00000000d6b00000)
  from space 1536K, 0% used [0x00000000d6f80000,0x00000000d6f80000,0x00000000d7100000)
  to   space 512K, 0% used [0x00000000d7100000,0x00000000d7100000,0x00000000d7180000)
 ParOldGen       total 68608K, used 18672K [0x0000000080000000, 0x0000000084300000, 0x00000000d5580000)
  object space 68608K, 27% used [0x0000000080000000,0x000000008123c2d8,0x0000000084300000)
 Metaspace       used 34729K, committed 35840K, reserved 1114112K
  class space    used 3525K, committed 4032K, reserved 1048576K
}
Event: 7.301 GC heap before
{Heap before GC invocations=16 (full 2):
 PSYoungGen      total 23552K, used 22016K [0x00000000d5580000, 0x00000000d7180000, 0x0000000100000000)
  eden space 22016K, 100% used [0x00000000d5580000,0x00000000d6b00000,0x00000000d6b00000)
  from space 1536K, 0% used [0x00000000d6f80000,0x00000000d6f80000,0x00000000d7100000)
  to   space 512K, 0% used [0x00000000d7100000,0x00000000d7100000,0x00000000d7180000)
 ParOldGen       total 68608K, used 18701K [0x0000000080000000, 0x0000000084300000, 0x00000000d5580000)
  object space 68608K, 27% used [0x0000000080000000,0x00000000812435e0,0x0000000084300000)
 Metaspace       used 36845K, committed 37952K, reserved 1114112K
  class space    used 3771K, committed 4288K, reserved 1048576K
}
Event: 7.302 GC heap after
{Heap after GC invocations=16 (full 2):
 PSYoungGen      total 22528K, used 512K [0x00000000d5580000, 0x00000000d7180000, 0x0000000100000000)
  eden space 22016K, 0% used [0x00000000d5580000,0x00000000d5580000,0x00000000d6b00000)
  from space 512K, 100% used [0x00000000d7100000,0x00000000d7180000,0x00000000d7180000)
  to   space 1536K, 0% used [0x00000000d6e80000,0x00000000d6e80000,0x00000000d7000000)
 ParOldGen       total 68608K, used 19098K [0x0000000080000000, 0x0000000084300000, 0x00000000d5580000)
  object space 68608K, 27% used [0x0000000080000000,0x00000000812a6898,0x0000000084300000)
 Metaspace       used 36845K, committed 37952K, reserved 1114112K
  class space    used 3771K, committed 4288K, reserved 1048576K
}
Event: 7.456 GC heap before
{Heap before GC invocations=17 (full 2):
 PSYoungGen      total 22528K, used 22528K [0x00000000d5580000, 0x00000000d7180000, 0x0000000100000000)
  eden space 22016K, 100% used [0x00000000d5580000,0x00000000d6b00000,0x00000000d6b00000)
  from space 512K, 100% used [0x00000000d7100000,0x00000000d7180000,0x00000000d7180000)
  to   space 1536K, 0% used [0x00000000d6e80000,0x00000000d6e80000,0x00000000d7000000)
 ParOldGen       total 68608K, used 19101K [0x0000000080000000, 0x0000000084300000, 0x00000000d5580000)
  object space 68608K, 27% used [0x0000000080000000,0x00000000812a7498,0x0000000084300000)
 Metaspace       used 38448K, committed 39616K, reserved 1114112K
  class space    used 3985K, committed 4480K, reserved 1048576K
}
Event: 7.460 GC heap after
{Heap after GC invocations=17 (full 2):
 PSYoungGen      total 23552K, used 1518K [0x00000000d5580000, 0x00000000d7200000, 0x0000000100000000)
  eden space 22016K, 0% used [0x00000000d5580000,0x00000000d5580000,0x00000000d6b00000)
  from space 1536K, 98% used [0x00000000d6e80000,0x00000000d6ffb928,0x00000000d7000000)
  to   space 2048K, 0% used [0x00000000d7000000,0x00000000d7000000,0x00000000d7200000)
 ParOldGen       total 68608K, used 20642K [0x0000000080000000, 0x0000000084300000, 0x00000000d5580000)
  object space 68608K, 30% used [0x0000000080000000,0x00000000814289a8,0x0000000084300000)
 Metaspace       used 38448K, committed 39616K, reserved 1114112K
  class space    used 3985K, committed 4480K, reserved 1048576K
}
Event: 7.661 GC heap before
{Heap before GC invocations=18 (full 2):
 PSYoungGen      total 23552K, used 23534K [0x00000000d5580000, 0x00000000d7200000, 0x0000000100000000)
  eden space 22016K, 100% used [0x00000000d5580000,0x00000000d6b00000,0x00000000d6b00000)
  from space 1536K, 98% used [0x00000000d6e80000,0x00000000d6ffb928,0x00000000d7000000)
  to   space 2048K, 0% used [0x00000000d7000000,0x00000000d7000000,0x00000000d7200000)
 ParOldGen       total 68608K, used 20642K [0x0000000080000000, 0x0000000084300000, 0x00000000d5580000)
  object space 68608K, 30% used [0x0000000080000000,0x00000000814289a8,0x0000000084300000)
 Metaspace       used 40747K, committed 41984K, reserved 1114112K
  class space    used 4226K, committed 4800K, reserved 1048576K
}
Event: 7.666 GC heap after
{Heap after GC invocations=18 (full 2):
 PSYoungGen      total 23552K, used 1440K [0x00000000d5580000, 0x00000000d7180000, 0x0000000100000000)
  eden space 22016K, 0% used [0x00000000d5580000,0x00000000d5580000,0x00000000d6b00000)
  from space 1536K, 93% used [0x00000000d7000000,0x00000000d7168000,0x00000000d7180000)
  to   space 2048K, 0% used [0x00000000d6d80000,0x00000000d6d80000,0x00000000d6f80000)
 ParOldGen       total 68608K, used 21999K [0x0000000080000000, 0x0000000084300000, 0x00000000d5580000)
  object space 68608K, 32% used [0x0000000080000000,0x000000008157bd00,0x0000000084300000)
 Metaspace       used 40747K, committed 41984K, reserved 1114112K
  class space    used 4226K, committed 4800K, reserved 1048576K
}
Event: 7.995 GC heap before
{Heap before GC invocations=19 (full 2):
 PSYoungGen      total 23552K, used 23456K [0x00000000d5580000, 0x00000000d7180000, 0x0000000100000000)
  eden space 22016K, 100% used [0x00000000d5580000,0x00000000d6b00000,0x00000000d6b00000)
  from space 1536K, 93% used [0x00000000d7000000,0x00000000d7168000,0x00000000d7180000)
  to   space 2048K, 0% used [0x00000000d6d80000,0x00000000d6d80000,0x00000000d6f80000)
 ParOldGen       total 68608K, used 21999K [0x0000000080000000, 0x0000000084300000, 0x00000000d5580000)
  object space 68608K, 32% used [0x0000000080000000,0x000000008157bd00,0x0000000084300000)
 Metaspace       used 42377K, committed 43584K, reserved 1114112K
  class space    used 4437K, committed 4992K, reserved 1048576K
}
Event: 8.000 GC heap after
{Heap after GC invocations=19 (full 2):
 PSYoungGen      total 23552K, used 1216K [0x00000000d5580000, 0x00000000d7080000, 0x0000000100000000)
  eden space 22016K, 0% used [0x00000000d5580000,0x00000000d5580000,0x00000000d6b00000)
  from space 1536K, 79% used [0x00000000d6d80000,0x00000000d6eb0000,0x00000000d6f00000)
  to   space 1536K, 0% used [0x00000000d6f00000,0x00000000d6f00000,0x00000000d7080000)
 ParOldGen       total 68608K, used 22871K [0x0000000080000000, 0x0000000084300000, 0x00000000d5580000)
  object space 68608K, 33% used [0x0000000080000000,0x0000000081655d10,0x0000000084300000)
 Metaspace       used 42377K, committed 43584K, reserved 1114112K
  class space    used 4437K, committed 4992K, reserved 1048576K
}

