# JRE version: OpenJDK Runtime Environment Temurin-21.0.7+6 (21.0.7+6) (build 21.0.7+6-LTS)
# Java VM: OpenJDK 64-Bit Server VM Temurin-21.0.7+6 (21.0.7+6-LTS, mixed mode, sharing, tiered, compressed oops, compressed class ptrs, g1 gc, windows-amd64)
GC Precious Log:
 CardTable entry size: 512
 Card Set container configuration: InlinePtr #cards 5 size 8 Array Of Cards #cards 12 size 40 Howl #buckets 4 coarsen threshold 1843 Howl Bitmap #cards 512 size 80 coarsen threshold 460 Card regions per heap region 1 cards per card region 2048
 CPUs: 8 total, 8 available
 Memory: 7932M
 Large Page Support: Disabled
 NUMA Support: Disabled
 Compressed Oops: Enabled (32-bit)
 Heap Region Size: 1M
 Heap Min Capacity: 8M
 Heap Initial Capacity: 124M
 Heap Max Capacity: 1984M
 Pre-touch: Disabled
 Parallel Workers: 8
 Concurrent Workers: 2
 Concurrent Refinement Workers: 8
 Periodic GC: Disabled
Heap:
 garbage-first heap   total 68608K, used 45011K [0x0000000084000000, 0x0000000100000000)
  region size 1024K, 7 young (7168K), 3 survivors (3072K)
 Metaspace       used 78393K, committed 79168K, reserved 1179648K
  class space    used 10511K, committed 10880K, reserved 1048576K
GC Heap History (20 events):
Event: 7.888 GC heap before
{Heap before GC invocations=18 (full 0):
 garbage-first heap   total 51200K, used 45499K [0x0000000084000000, 0x0000000100000000)
  region size 1024K, 15 young (15360K), 2 survivors (2048K)
 Metaspace       used 65909K, committed 66624K, reserved 1114112K
  class space    used 9028K, committed 9344K, reserved 1048576K
}
Event: 7.893 GC heap after
{Heap after GC invocations=19 (full 0):
 garbage-first heap   total 61440K, used 33511K [0x0000000084000000, 0x0000000100000000)
  region size 1024K, 2 young (2048K), 2 survivors (2048K)
 Metaspace       used 65909K, committed 66624K, reserved 1114112K
  class space    used 9028K, committed 9344K, reserved 1048576K
}
Event: 14.542 GC heap before
{Heap before GC invocations=19 (full 0):
 garbage-first heap   total 61440K, used 52967K [0x0000000084000000, 0x0000000100000000)
  region size 1024K, 22 young (22528K), 2 survivors (2048K)
 Metaspace       used 71208K, committed 71936K, reserved 1114112K
  class space    used 9717K, committed 10048K, reserved 1048576K
}
Event: 14.547 GC heap after
{Heap after GC invocations=20 (full 0):
 garbage-first heap   total 61440K, used 34689K [0x0000000084000000, 0x0000000100000000)
  region size 1024K, 3 young (3072K), 3 survivors (3072K)
 Metaspace       used 71208K, committed 71936K, reserved 1114112K
  class space    used 9717K, committed 10048K, reserved 1048576K
}
Event: 15.257 GC heap before
{Heap before GC invocations=21 (full 0):
 garbage-first heap   total 61440K, used 53121K [0x0000000084000000, 0x0000000100000000)
  region size 1024K, 22 young (22528K), 3 survivors (3072K)
 Metaspace       used 76205K, committed 76928K, reserved 1179648K
  class space    used 10367K, committed 10688K, reserved 1048576K
}
Event: 15.262 GC heap after
{Heap after GC invocations=22 (full 0):
 garbage-first heap   total 61440K, used 36990K [0x0000000084000000, 0x0000000100000000)
  region size 1024K, 3 young (3072K), 3 survivors (3072K)
 Metaspace       used 76205K, committed 76928K, reserved 1179648K
  class space    used 10367K, committed 10688K, reserved 1048576K
}
Event: 197.355 GC heap before
{Heap before GC invocations=22 (full 0):
 garbage-first heap   total 61440K, used 48254K [0x0000000084000000, 0x0000000100000000)
  region size 1024K, 16 young (16384K), 3 survivors (3072K)
 Metaspace       used 76942K, committed 77760K, reserved 1179648K
  class space    used 10438K, committed 10816K, reserved 1048576K
}
Event: 197.587 GC heap after
{Heap after GC invocations=23 (full 1):
 garbage-first heap   total 61440K, used 31604K [0x0000000084000000, 0x0000000100000000)
  region size 1024K, 0 young (0K), 0 survivors (0K)
 Metaspace       used 76942K, committed 77760K, reserved 1179648K
  class space    used 10438K, committed 10816K, reserved 1048576K
}
Event: 198.246 GC heap before
{Heap before GC invocations=23 (full 1):
 garbage-first heap   total 61440K, used 51060K [0x0000000084000000, 0x0000000100000000)
  region size 1024K, 19 young (19456K), 0 survivors (0K)
 Metaspace       used 77085K, committed 77824K, reserved 1179648K
  class space    used 10442K, committed 10816K, reserved 1048576K
}
Event: 198.252 GC heap after
{Heap after GC invocations=24 (full 1):
 garbage-first heap   total 61440K, used 33746K [0x0000000084000000, 0x0000000100000000)
  region size 1024K, 3 young (3072K), 3 survivors (3072K)
 Metaspace       used 77085K, committed 77824K, reserved 1179648K
  class space    used 10442K, committed 10816K, reserved 1048576K
}
Event: 198.769 GC heap before
{Heap before GC invocations=25 (full 1):
 garbage-first heap   total 63488K, used 50130K [0x0000000084000000, 0x0000000100000000)
  region size 1024K, 19 young (19456K), 3 survivors (3072K)
 Metaspace       used 77288K, committed 78080K, reserved 1179648K
  class space    used 10444K, committed 10816K, reserved 1048576K
}
Event: 198.774 GC heap after
{Heap after GC invocations=26 (full 1):
 garbage-first heap   total 63488K, used 35143K [0x0000000084000000, 0x0000000100000000)
  region size 1024K, 2 young (2048K), 2 survivors (2048K)
 Metaspace       used 77288K, committed 78080K, reserved 1179648K
  class space    used 10444K, committed 10816K, reserved 1048576K
}
Event: 200.730 GC heap before
{Heap before GC invocations=26 (full 1):
 garbage-first heap   total 63488K, used 53575K [0x0000000084000000, 0x0000000100000000)
  region size 1024K, 20 young (20480K), 2 survivors (2048K)
 Metaspace       used 77888K, committed 78656K, reserved 1179648K
  class space    used 10493K, committed 10816K, reserved 1048576K
}
Event: 200.735 GC heap after
{Heap after GC invocations=27 (full 1):
 garbage-first heap   total 63488K, used 36617K [0x0000000084000000, 0x0000000100000000)
  region size 1024K, 3 young (3072K), 3 survivors (3072K)
 Metaspace       used 77888K, committed 78656K, reserved 1179648K
  class space    used 10493K, committed 10816K, reserved 1048576K
}
Event: 201.054 GC heap before
{Heap before GC invocations=27 (full 1):
 garbage-first heap   total 63488K, used 51977K [0x0000000084000000, 0x0000000100000000)
  region size 1024K, 19 young (19456K), 3 survivors (3072K)
 Metaspace       used 77929K, committed 78720K, reserved 1179648K
  class space    used 10495K, committed 10880K, reserved 1048576K
}
Event: 201.060 GC heap after
{Heap after GC invocations=28 (full 1):
 garbage-first heap   total 63488K, used 38047K [0x0000000084000000, 0x0000000100000000)
  region size 1024K, 2 young (2048K), 2 survivors (2048K)
 Metaspace       used 77929K, committed 78720K, reserved 1179648K
  class space    used 10495K, committed 10880K, reserved 1048576K
}
Event: 201.715 GC heap before
{Heap before GC invocations=29 (full 1):
 garbage-first heap   total 68608K, used 54431K [0x0000000084000000, 0x0000000100000000)
  region size 1024K, 18 young (18432K), 2 survivors (2048K)
 Metaspace       used 78018K, committed 78784K, reserved 1179648K
  class space    used 10496K, committed 10880K, reserved 1048576K
}
Event: 201.717 GC heap after
{Heap after GC invocations=30 (full 1):
 garbage-first heap   total 68608K, used 39349K [0x0000000084000000, 0x0000000100000000)
  region size 1024K, 3 young (3072K), 3 survivors (3072K)
 Metaspace       used 78018K, committed 78784K, reserved 1179648K
  class space    used 10496K, committed 10880K, reserved 1048576K
}
Event: 303.629 GC heap before
{Heap before GC invocations=30 (full 1):
 garbage-first heap   total 68608K, used 58805K [0x0000000084000000, 0x0000000100000000)
  region size 1024K, 22 young (22528K), 3 survivors (3072K)
 Metaspace       used 78337K, committed 79168K, reserved 1179648K
  class space    used 10508K, committed 10880K, reserved 1048576K
}
Event: 303.635 GC heap after
{Heap after GC invocations=31 (full 1):
 garbage-first heap   total 68608K, used 39999K [0x0000000084000000, 0x0000000100000000)
  region size 1024K, 3 young (3072K), 3 survivors (3072K)
 Metaspace       used 78337K, committed 79168K, reserved 1179648K
  class space    used 10508K, committed 10880K, reserved 1048576K
}

