# JRE version: OpenJDK Runtime Environment Temurin-21.0.7+6 (21.0.7+6) (build 21.0.7+6-LTS)
# Java VM: OpenJDK 64-Bit Server VM Temurin-21.0.7+6 (21.0.7+6-LTS, mixed mode, sharing, tiered, compressed oops, compressed class ptrs, g1 gc, windows-amd64)
GC Precious Log:
 CardTable entry size: 512
 Card Set container configuration: InlinePtr #cards 5 size 8 Array Of Cards #cards 12 size 40 Howl #buckets 4 coarsen threshold 1843 Howl Bitmap #cards 512 size 80 coarsen threshold 460 Card regions per heap region 1 cards per card region 2048
 CPUs: 8 total, 8 available
 Memory: 7932M
 Large Page Support: Disabled
 NUMA Support: Disabled
 Compressed Oops: Enabled (32-bit)
 Heap Region Size: 1M
 Heap Min Capacity: 8M
 Heap Initial Capacity: 124M
 Heap Max Capacity: 1984M
 Pre-touch: Disabled
 Parallel Workers: 8
 Concurrent Workers: 2
 Concurrent Refinement Workers: 8
 Periodic GC: Disabled
Heap:
 garbage-first heap   total 55296K, used 38320K [0x0000000084000000, 0x0000000100000000)
  region size 1024K, 11 young (11264K), 3 survivors (3072K)
 Metaspace       used 63396K, committed 64064K, reserved 1114112K
  class space    used 8661K, committed 8960K, reserved 1048576K
GC Heap History (20 events):
Event: 3.212 GC heap before
{Heap before GC invocations=4 (full 0):
 garbage-first heap   total 55296K, used 41153K [0x0000000084000000, 0x0000000100000000)
  region size 1024K, 32 young (32768K), 7 survivors (7168K)
 Metaspace       used 24543K, committed 25024K, reserved 1114112K
  class space    used 3096K, committed 3328K, reserved 1048576K
}
Event: 3.220 GC heap after
{Heap after GC invocations=5 (full 0):
 garbage-first heap   total 55296K, used 17741K [0x0000000084000000, 0x0000000100000000)
  region size 1024K, 3 young (3072K), 3 survivors (3072K)
 Metaspace       used 24543K, committed 25024K, reserved 1114112K
  class space    used 3096K, committed 3328K, reserved 1048576K
}
Event: 3.841 GC heap before
{Heap before GC invocations=5 (full 0):
 garbage-first heap   total 55296K, used 41293K [0x0000000084000000, 0x0000000100000000)
  region size 1024K, 27 young (27648K), 3 survivors (3072K)
 Metaspace       used 29225K, committed 29632K, reserved 1114112K
  class space    used 3713K, committed 3904K, reserved 1048576K
}
Event: 3.846 GC heap after
{Heap after GC invocations=6 (full 0):
 garbage-first heap   total 55296K, used 20321K [0x0000000084000000, 0x0000000100000000)
  region size 1024K, 3 young (3072K), 3 survivors (3072K)
 Metaspace       used 29225K, committed 29632K, reserved 1114112K
  class space    used 3713K, committed 3904K, reserved 1048576K
}
Event: 4.617 GC heap before
{Heap before GC invocations=6 (full 0):
 garbage-first heap   total 55296K, used 42849K [0x0000000084000000, 0x0000000100000000)
  region size 1024K, 26 young (26624K), 3 survivors (3072K)
 Metaspace       used 34927K, committed 35456K, reserved 1114112K
  class space    used 4524K, committed 4800K, reserved 1048576K
}
Event: 4.622 GC heap after
{Heap after GC invocations=7 (full 0):
 garbage-first heap   total 55296K, used 21907K [0x0000000084000000, 0x0000000100000000)
  region size 1024K, 2 young (2048K), 2 survivors (2048K)
 Metaspace       used 34927K, committed 35456K, reserved 1114112K
  class space    used 4524K, committed 4800K, reserved 1048576K
}
Event: 4.717 GC heap before
{Heap before GC invocations=7 (full 0):
 garbage-first heap   total 55296K, used 23955K [0x0000000084000000, 0x0000000100000000)
  region size 1024K, 5 young (5120K), 2 survivors (2048K)
 Metaspace       used 35589K, committed 36096K, reserved 1114112K
  class space    used 4658K, committed 4928K, reserved 1048576K
}
Event: 4.719 GC heap after
{Heap after GC invocations=8 (full 0):
 garbage-first heap   total 55296K, used 21917K [0x0000000084000000, 0x0000000100000000)
  region size 1024K, 2 young (2048K), 2 survivors (2048K)
 Metaspace       used 35589K, committed 36096K, reserved 1114112K
  class space    used 4658K, committed 4928K, reserved 1048576K
}
Event: 5.563 GC heap before
{Heap before GC invocations=9 (full 0):
 garbage-first heap   total 55296K, used 45469K [0x0000000084000000, 0x0000000100000000)
  region size 1024K, 26 young (26624K), 2 survivors (2048K)
 Metaspace       used 42313K, committed 42944K, reserved 1114112K
  class space    used 5584K, committed 5888K, reserved 1048576K
}
Event: 5.566 GC heap after
{Heap after GC invocations=10 (full 0):
 garbage-first heap   total 55296K, used 24228K [0x0000000084000000, 0x0000000100000000)
  region size 1024K, 4 young (4096K), 4 survivors (4096K)
 Metaspace       used 42313K, committed 42944K, reserved 1114112K
  class space    used 5584K, committed 5888K, reserved 1048576K
}
Event: 6.216 GC heap before
{Heap before GC invocations=10 (full 0):
 garbage-first heap   total 55296K, used 45732K [0x0000000084000000, 0x0000000100000000)
  region size 1024K, 26 young (26624K), 4 survivors (4096K)
 Metaspace       used 49236K, committed 49792K, reserved 1114112K
  class space    used 6512K, committed 6784K, reserved 1048576K
}
Event: 6.220 GC heap after
{Heap after GC invocations=11 (full 0):
 garbage-first heap   total 55296K, used 25502K [0x0000000084000000, 0x0000000100000000)
  region size 1024K, 2 young (2048K), 2 survivors (2048K)
 Metaspace       used 49236K, committed 49792K, reserved 1114112K
  class space    used 6512K, committed 6784K, reserved 1048576K
}
Event: 6.687 GC heap before
{Heap before GC invocations=11 (full 0):
 garbage-first heap   total 55296K, used 45982K [0x0000000084000000, 0x0000000100000000)
  region size 1024K, 23 young (23552K), 2 survivors (2048K)
 Metaspace       used 54333K, committed 54976K, reserved 1114112K
  class space    used 7311K, committed 7616K, reserved 1048576K
}
Event: 6.690 GC heap after
{Heap after GC invocations=12 (full 0):
 garbage-first heap   total 55296K, used 26648K [0x0000000084000000, 0x0000000100000000)
  region size 1024K, 3 young (3072K), 3 survivors (3072K)
 Metaspace       used 54333K, committed 54976K, reserved 1114112K
  class space    used 7311K, committed 7616K, reserved 1048576K
}
Event: 7.323 GC heap before
{Heap before GC invocations=12 (full 0):
 garbage-first heap   total 55296K, used 46104K [0x0000000084000000, 0x0000000100000000)
  region size 1024K, 23 young (23552K), 3 survivors (3072K)
 Metaspace       used 58656K, committed 59328K, reserved 1114112K
  class space    used 7902K, committed 8192K, reserved 1048576K
}
Event: 7.327 GC heap after
{Heap after GC invocations=13 (full 0):
 garbage-first heap   total 55296K, used 28331K [0x0000000084000000, 0x0000000100000000)
  region size 1024K, 3 young (3072K), 3 survivors (3072K)
 Metaspace       used 58656K, committed 59328K, reserved 1114112K
  class space    used 7902K, committed 8192K, reserved 1048576K
}
Event: 7.468 GC heap before
{Heap before GC invocations=13 (full 0):
 garbage-first heap   total 55296K, used 32427K [0x0000000084000000, 0x0000000100000000)
  region size 1024K, 9 young (9216K), 3 survivors (3072K)
 Metaspace       used 59807K, committed 60416K, reserved 1114112K
  class space    used 8112K, committed 8384K, reserved 1048576K
}
Event: 7.472 GC heap after
{Heap after GC invocations=14 (full 0):
 garbage-first heap   total 55296K, used 28979K [0x0000000084000000, 0x0000000100000000)
  region size 1024K, 3 young (3072K), 3 survivors (3072K)
 Metaspace       used 59807K, committed 60416K, reserved 1114112K
  class space    used 8112K, committed 8384K, reserved 1048576K
}
Event: 8.075 GC heap before
{Heap before GC invocations=15 (full 0):
 garbage-first heap   total 55296K, used 46387K [0x0000000084000000, 0x0000000100000000)
  region size 1024K, 20 young (20480K), 3 survivors (3072K)
 Metaspace       used 62163K, committed 62784K, reserved 1114112K
  class space    used 8494K, committed 8768K, reserved 1048576K
}
Event: 8.080 GC heap after
{Heap after GC invocations=16 (full 0):
 garbage-first heap   total 55296K, used 31152K [0x0000000084000000, 0x0000000100000000)
  region size 1024K, 3 young (3072K), 3 survivors (3072K)
 Metaspace       used 62163K, committed 62784K, reserved 1114112K
  class space    used 8494K, committed 8768K, reserved 1048576K
}

