# JRE version: OpenJDK Runtime Environment Temurin-21.0.7+6 (21.0.7+6) (build 21.0.7+6-LTS)
# Java VM: OpenJDK 64-Bit Server VM Temurin-21.0.7+6 (21.0.7+6-LTS, mixed mode, sharing, tiered, compressed oops, compressed class ptrs, parallel gc, windows-amd64)
GC Precious Log:
 CardTable entry size: 512
 CPUs: 8 total, 8 available
 Memory: 7932M
 Large Page Support: Disabled
 NUMA Support: Disabled
 Compressed Oops: Enabled (32-bit)
 Alignments: Space 512K, Generation 512K, Heap 2M
 Heap Min Capacity: 100M
 Heap Initial Capacity: 100M
 Heap Max Capacity: 2G
 Pre-touch: Disabled
 Parallel Workers: 8
Heap:
 PSYoungGen      total 9216K, used 5615K [0x00000000d5580000, 0x00000000d6200000, 0x0000000100000000)
  eden space 6144K, 44% used [0x00000000d5580000,0x00000000d5830fc0,0x00000000d5b80000)
  from space 3072K, 93% used [0x00000000d5f00000,0x00000000d61cafd0,0x00000000d6200000)
  to   space 3072K, 0% used [0x00000000d5c00000,0x00000000d5c00000,0x00000000d5f00000)
 ParOldGen       total 921600K, used 921599K [0x0000000080000000, 0x00000000b8400000, 0x00000000d5580000)
  object space 921600K, 99% used [0x0000000080000000,0x00000000b83ffc50,0x00000000b8400000)
 Metaspace       used 71132K, committed 72768K, reserved 1114112K
  class space    used 7346K, committed 8064K, reserved 1048576K
GC Heap History (20 events):
Event: 45.619 GC heap before
{Heap before GC invocations=1456 (full 3):
 PSYoungGen      total 4608K, used 4256K [0x00000000d5580000, 0x00000000d5b80000, 0x0000000100000000)
  eden space 3072K, 100% used [0x00000000d5580000,0x00000000d5880000,0x00000000d5880000)
  from space 1536K, 77% used [0x00000000d5a00000,0x00000000d5b28000,0x00000000d5b80000)
  to   space 1536K, 0% used [0x00000000d5880000,0x00000000d5880000,0x00000000d5a00000)
 ParOldGen       total 905216K, used 904808K [0x0000000080000000, 0x00000000b7400000, 0x00000000d5580000)
  object space 905216K, 99% used [0x0000000080000000,0x00000000b739a1e0,0x00000000b7400000)
 Metaspace       used 71051K, committed 72640K, reserved 1114112K
  class space    used 7335K, committed 8000K, reserved 1048576K
}
Event: 45.622 GC heap after
{Heap after GC invocations=1456 (full 3):
 PSYoungGen      total 4608K, used 1530K [0x00000000d5580000, 0x00000000d5f80000, 0x0000000100000000)
  eden space 3072K, 0% used [0x00000000d5580000,0x00000000d5580000,0x00000000d5880000)
  from space 1536K, 99% used [0x00000000d5880000,0x00000000d59feaa0,0x00000000d5a00000)
  to   space 3072K, 0% used [0x00000000d5c80000,0x00000000d5c80000,0x00000000d5f80000)
 ParOldGen       total 906240K, used 905936K [0x0000000080000000, 0x00000000b7500000, 0x00000000d5580000)
  object space 906240K, 99% used [0x0000000080000000,0x00000000b74b4068,0x00000000b7500000)
 Metaspace       used 71051K, committed 72640K, reserved 1114112K
  class space    used 7335K, committed 8000K, reserved 1048576K
}
Event: 45.643 GC heap before
{Heap before GC invocations=1457 (full 3):
 PSYoungGen      total 4608K, used 4602K [0x00000000d5580000, 0x00000000d5f80000, 0x0000000100000000)
  eden space 3072K, 100% used [0x00000000d5580000,0x00000000d5880000,0x00000000d5880000)
  from space 1536K, 99% used [0x00000000d5880000,0x00000000d59feaa0,0x00000000d5a00000)
  to   space 3072K, 0% used [0x00000000d5c80000,0x00000000d5c80000,0x00000000d5f80000)
 ParOldGen       total 906240K, used 905936K [0x0000000080000000, 0x00000000b7500000, 0x00000000d5580000)
  object space 906240K, 99% used [0x0000000080000000,0x00000000b74b4068,0x00000000b7500000)
 Metaspace       used 71051K, committed 72640K, reserved 1114112K
  class space    used 7335K, committed 8000K, reserved 1048576K
}
Event: 45.646 GC heap after
{Heap after GC invocations=1457 (full 3):
 PSYoungGen      total 4608K, used 1124K [0x00000000d5580000, 0x00000000d5e00000, 0x0000000100000000)
  eden space 3072K, 0% used [0x00000000d5580000,0x00000000d5580000,0x00000000d5880000)
  from space 1536K, 73% used [0x00000000d5c80000,0x00000000d5d99008,0x00000000d5e00000)
  to   space 2048K, 0% used [0x00000000d5a00000,0x00000000d5a00000,0x00000000d5c00000)
 ParOldGen       total 907264K, used 906996K [0x0000000080000000, 0x00000000b7600000, 0x00000000d5580000)
  object space 907264K, 99% used [0x0000000080000000,0x00000000b75bd268,0x00000000b7600000)
 Metaspace       used 71051K, committed 72640K, reserved 1114112K
  class space    used 7335K, committed 8000K, reserved 1048576K
}
Event: 45.660 GC heap before
{Heap before GC invocations=1458 (full 3):
 PSYoungGen      total 4608K, used 4196K [0x00000000d5580000, 0x00000000d5e00000, 0x0000000100000000)
  eden space 3072K, 100% used [0x00000000d5580000,0x00000000d5880000,0x00000000d5880000)
  from space 1536K, 73% used [0x00000000d5c80000,0x00000000d5d99008,0x00000000d5e00000)
  to   space 2048K, 0% used [0x00000000d5a00000,0x00000000d5a00000,0x00000000d5c00000)
 ParOldGen       total 907264K, used 906996K [0x0000000080000000, 0x00000000b7600000, 0x00000000d5580000)
  object space 907264K, 99% used [0x0000000080000000,0x00000000b75bd268,0x00000000b7600000)
 Metaspace       used 71051K, committed 72640K, reserved 1114112K
  class space    used 7335K, committed 8000K, reserved 1048576K
}
Event: 45.662 GC heap after
{Heap after GC invocations=1458 (full 3):
 PSYoungGen      total 4096K, used 992K [0x00000000d5580000, 0x00000000d5d00000, 0x0000000100000000)
  eden space 3072K, 0% used [0x00000000d5580000,0x00000000d5580000,0x00000000d5880000)
  from space 1024K, 96% used [0x00000000d5a00000,0x00000000d5af8000,0x00000000d5b00000)
  to   space 1536K, 0% used [0x00000000d5b80000,0x00000000d5b80000,0x00000000d5d00000)
 ParOldGen       total 908288K, used 907823K [0x0000000080000000, 0x00000000b7700000, 0x00000000d5580000)
  object space 908288K, 99% used [0x0000000080000000,0x00000000b768bde8,0x00000000b7700000)
 Metaspace       used 71051K, committed 72640K, reserved 1114112K
  class space    used 7335K, committed 8000K, reserved 1048576K
}
Event: 45.674 GC heap before
{Heap before GC invocations=1459 (full 3):
 PSYoungGen      total 4096K, used 4064K [0x00000000d5580000, 0x00000000d5d00000, 0x0000000100000000)
  eden space 3072K, 100% used [0x00000000d5580000,0x00000000d5880000,0x00000000d5880000)
  from space 1024K, 96% used [0x00000000d5a00000,0x00000000d5af8000,0x00000000d5b00000)
  to   space 1536K, 0% used [0x00000000d5b80000,0x00000000d5b80000,0x00000000d5d00000)
 ParOldGen       total 908288K, used 907823K [0x0000000080000000, 0x00000000b7700000, 0x00000000d5580000)
  object space 908288K, 99% used [0x0000000080000000,0x00000000b768bde8,0x00000000b7700000)
 Metaspace       used 71051K, committed 72640K, reserved 1114112K
  class space    used 7335K, committed 8000K, reserved 1048576K
}
Event: 45.677 GC heap after
{Heap after GC invocations=1459 (full 3):
 PSYoungGen      total 4096K, used 1010K [0x00000000d5580000, 0x00000000d5c80000, 0x0000000100000000)
  eden space 3072K, 0% used [0x00000000d5580000,0x00000000d5580000,0x00000000d5880000)
  from space 1024K, 98% used [0x00000000d5b80000,0x00000000d5c7c808,0x00000000d5c80000)
  to   space 1536K, 0% used [0x00000000d5980000,0x00000000d5980000,0x00000000d5b00000)
 ParOldGen       total 908800K, used 908634K [0x0000000080000000, 0x00000000b7780000, 0x00000000d5580000)
  object space 908800K, 99% used [0x0000000080000000,0x00000000b7756968,0x00000000b7780000)
 Metaspace       used 71051K, committed 72640K, reserved 1114112K
  class space    used 7335K, committed 8000K, reserved 1048576K
}
Event: 45.680 GC heap before
{Heap before GC invocations=1460 (full 3):
 PSYoungGen      total 4096K, used 4082K [0x00000000d5580000, 0x00000000d5c80000, 0x0000000100000000)
  eden space 3072K, 100% used [0x00000000d5580000,0x00000000d5880000,0x00000000d5880000)
  from space 1024K, 98% used [0x00000000d5b80000,0x00000000d5c7c808,0x00000000d5c80000)
  to   space 1536K, 0% used [0x00000000d5980000,0x00000000d5980000,0x00000000d5b00000)
 ParOldGen       total 908800K, used 908634K [0x0000000080000000, 0x00000000b7780000, 0x00000000d5580000)
  object space 908800K, 99% used [0x0000000080000000,0x00000000b7756968,0x00000000b7780000)
 Metaspace       used 71051K, committed 72640K, reserved 1114112K
  class space    used 7335K, committed 8000K, reserved 1048576K
}
Event: 45.683 GC heap after
{Heap after GC invocations=1460 (full 3):
 PSYoungGen      total 5632K, used 1329K [0x00000000d5580000, 0x00000000d5c80000, 0x0000000100000000)
  eden space 4096K, 0% used [0x00000000d5580000,0x00000000d5580000,0x00000000d5980000)
  from space 1536K, 86% used [0x00000000d5980000,0x00000000d5acc6d0,0x00000000d5b00000)
  to   space 1536K, 0% used [0x00000000d5b00000,0x00000000d5b00000,0x00000000d5c80000)
 ParOldGen       total 909824K, used 909543K [0x0000000080000000, 0x00000000b7880000, 0x00000000d5580000)
  object space 909824K, 99% used [0x0000000080000000,0x00000000b7839e10,0x00000000b7880000)
 Metaspace       used 71051K, committed 72640K, reserved 1114112K
  class space    used 7335K, committed 8000K, reserved 1048576K
}
Event: 45.688 GC heap before
{Heap before GC invocations=1461 (full 3):
 PSYoungGen      total 5632K, used 5425K [0x00000000d5580000, 0x00000000d5c80000, 0x0000000100000000)
  eden space 4096K, 100% used [0x00000000d5580000,0x00000000d5980000,0x00000000d5980000)
  from space 1536K, 86% used [0x00000000d5980000,0x00000000d5acc6d0,0x00000000d5b00000)
  to   space 1536K, 0% used [0x00000000d5b00000,0x00000000d5b00000,0x00000000d5c80000)
 ParOldGen       total 909824K, used 909543K [0x0000000080000000, 0x00000000b7880000, 0x00000000d5580000)
  object space 909824K, 99% used [0x0000000080000000,0x00000000b7839e10,0x00000000b7880000)
 Metaspace       used 71051K, committed 72640K, reserved 1114112K
  class space    used 7335K, committed 8000K, reserved 1048576K
}
Event: 45.690 GC heap after
{Heap after GC invocations=1461 (full 3):
 PSYoungGen      total 5632K, used 1440K [0x00000000d5580000, 0x00000000d5d80000, 0x0000000100000000)
  eden space 4096K, 0% used [0x00000000d5580000,0x00000000d5580000,0x00000000d5980000)
  from space 1536K, 93% used [0x00000000d5b00000,0x00000000d5c68000,0x00000000d5c80000)
  to   space 1536K, 0% used [0x00000000d5980000,0x00000000d5980000,0x00000000d5b00000)
 ParOldGen       total 910848K, used 910817K [0x0000000080000000, 0x00000000b7980000, 0x00000000d5580000)
  object space 910848K, 99% used [0x0000000080000000,0x00000000b79786e0,0x00000000b7980000)
 Metaspace       used 71051K, committed 72640K, reserved 1114112K
  class space    used 7335K, committed 8000K, reserved 1048576K
}
Event: 45.695 GC heap before
{Heap before GC invocations=1462 (full 3):
 PSYoungGen      total 5632K, used 5536K [0x00000000d5580000, 0x00000000d5d80000, 0x0000000100000000)
  eden space 4096K, 100% used [0x00000000d5580000,0x00000000d5980000,0x00000000d5980000)
  from space 1536K, 93% used [0x00000000d5b00000,0x00000000d5c68000,0x00000000d5c80000)
  to   space 1536K, 0% used [0x00000000d5980000,0x00000000d5980000,0x00000000d5b00000)
 ParOldGen       total 910848K, used 910817K [0x0000000080000000, 0x00000000b7980000, 0x00000000d5580000)
  object space 910848K, 99% used [0x0000000080000000,0x00000000b79786e0,0x00000000b7980000)
 Metaspace       used 71051K, committed 72640K, reserved 1114112K
  class space    used 7335K, committed 8000K, reserved 1048576K
}
Event: 45.699 GC heap after
{Heap after GC invocations=1462 (full 3):
 PSYoungGen      total 5632K, used 1512K [0x00000000d5580000, 0x00000000d6380000, 0x0000000100000000)
  eden space 4096K, 0% used [0x00000000d5580000,0x00000000d5580000,0x00000000d5980000)
  from space 1536K, 98% used [0x00000000d5980000,0x00000000d5afa3d0,0x00000000d5b00000)
  to   space 4608K, 0% used [0x00000000d5f00000,0x00000000d5f00000,0x00000000d6380000)
 ParOldGen       total 913920K, used 913441K [0x0000000080000000, 0x00000000b7c80000, 0x00000000d5580000)
  object space 913920K, 99% used [0x0000000080000000,0x00000000b7c086e0,0x00000000b7c80000)
 Metaspace       used 71051K, committed 72640K, reserved 1114112K
  class space    used 7335K, committed 8000K, reserved 1048576K
}
Event: 45.708 GC heap before
{Heap before GC invocations=1463 (full 3):
 PSYoungGen      total 5632K, used 5608K [0x00000000d5580000, 0x00000000d6380000, 0x0000000100000000)
  eden space 4096K, 100% used [0x00000000d5580000,0x00000000d5980000,0x00000000d5980000)
  from space 1536K, 98% used [0x00000000d5980000,0x00000000d5afa3d0,0x00000000d5b00000)
  to   space 4608K, 0% used [0x00000000d5f00000,0x00000000d5f00000,0x00000000d6380000)
 ParOldGen       total 913920K, used 913441K [0x0000000080000000, 0x00000000b7c80000, 0x00000000d5580000)
  object space 913920K, 99% used [0x0000000080000000,0x00000000b7c086e0,0x00000000b7c80000)
 Metaspace       used 71051K, committed 72640K, reserved 1114112K
  class space    used 7335K, committed 8000K, reserved 1048576K
}
Event: 45.713 GC heap after
{Heap after GC invocations=1463 (full 3):
 PSYoungGen      total 9728K, used 4224K [0x00000000d5580000, 0x00000000d6380000, 0x0000000100000000)
  eden space 5120K, 0% used [0x00000000d5580000,0x00000000d5580000,0x00000000d5a80000)
  from space 4608K, 91% used [0x00000000d5f00000,0x00000000d6320000,0x00000000d6380000)
  to   space 4608K, 0% used [0x00000000d5a80000,0x00000000d5a80000,0x00000000d5f00000)
 ParOldGen       total 915456K, used 915002K [0x0000000080000000, 0x00000000b7e00000, 0x00000000d5580000)
  object space 915456K, 99% used [0x0000000080000000,0x00000000b7d8eab0,0x00000000b7e00000)
 Metaspace       used 71051K, committed 72640K, reserved 1114112K
  class space    used 7335K, committed 8000K, reserved 1048576K
}
Event: 45.720 GC heap before
{Heap before GC invocations=1464 (full 3):
 PSYoungGen      total 9728K, used 9344K [0x00000000d5580000, 0x00000000d6380000, 0x0000000100000000)
  eden space 5120K, 100% used [0x00000000d5580000,0x00000000d5a80000,0x00000000d5a80000)
  from space 4608K, 91% used [0x00000000d5f00000,0x00000000d6320000,0x00000000d6380000)
  to   space 4608K, 0% used [0x00000000d5a80000,0x00000000d5a80000,0x00000000d5f00000)
 ParOldGen       total 915456K, used 915002K [0x0000000080000000, 0x00000000b7e00000, 0x00000000d5580000)
  object space 915456K, 99% used [0x0000000080000000,0x00000000b7d8eab0,0x00000000b7e00000)
 Metaspace       used 71051K, committed 72640K, reserved 1114112K
  class space    used 7335K, committed 8000K, reserved 1048576K
}
Event: 45.725 GC heap after
{Heap after GC invocations=1464 (full 3):
 PSYoungGen      total 9728K, used 2847K [0x00000000d5580000, 0x00000000d6280000, 0x0000000100000000)
  eden space 5120K, 0% used [0x00000000d5580000,0x00000000d5580000,0x00000000d5a80000)
  from space 4608K, 61% used [0x00000000d5a80000,0x00000000d5d47fe0,0x00000000d5f00000)
  to   space 3584K, 0% used [0x00000000d5f00000,0x00000000d5f00000,0x00000000d6280000)
 ParOldGen       total 919552K, used 919147K [0x0000000080000000, 0x00000000b8200000, 0x00000000d5580000)
  object space 919552K, 99% used [0x0000000080000000,0x00000000b819ac40,0x00000000b8200000)
 Metaspace       used 71051K, committed 72640K, reserved 1114112K
  class space    used 7335K, committed 8000K, reserved 1048576K
}
Event: 45.743 GC heap before
{Heap before GC invocations=1465 (full 3):
 PSYoungGen      total 9728K, used 7481K [0x00000000d5580000, 0x00000000d6280000, 0x0000000100000000)
  eden space 5120K, 90% used [0x00000000d5580000,0x00000000d5a06688,0x00000000d5a80000)
  from space 4608K, 61% used [0x00000000d5a80000,0x00000000d5d47fe0,0x00000000d5f00000)
  to   space 3584K, 0% used [0x00000000d5f00000,0x00000000d5f00000,0x00000000d6280000)
 ParOldGen       total 919552K, used 919147K [0x0000000080000000, 0x00000000b8200000, 0x00000000d5580000)
  object space 919552K, 99% used [0x0000000080000000,0x00000000b819ac40,0x00000000b8200000)
 Metaspace       used 71051K, committed 72640K, reserved 1114112K
  class space    used 7335K, committed 8000K, reserved 1048576K
}
Event: 45.747 GC heap after
{Heap after GC invocations=1465 (full 3):
 PSYoungGen      total 9216K, used 2859K [0x00000000d5580000, 0x00000000d6200000, 0x0000000100000000)
  eden space 6144K, 0% used [0x00000000d5580000,0x00000000d5580000,0x00000000d5b80000)
  from space 3072K, 93% used [0x00000000d5f00000,0x00000000d61cafd0,0x00000000d6200000)
  to   space 3072K, 0% used [0x00000000d5c00000,0x00000000d5c00000,0x00000000d5f00000)
 ParOldGen       total 921600K, used 921599K [0x0000000080000000, 0x00000000b8400000, 0x00000000d5580000)
  object space 921600K, 99% used [0x0000000080000000,0x00000000b83ffc50,0x00000000b8400000)
 Metaspace       used 71051K, committed 72640K, reserved 1114112K
  class space    used 7335K, committed 8000K, reserved 1048576K
}

